
View detailed results here: /app/local/ray_results/autogym/xgb_ranker_ray_failure_v1
To visualize your results with TensorBoard, run: `tensorboard --logdir /tmp/ray/session_2026-04-07_00-38-49_651827_1/artifacts/2026-04-07_00-38-55/xgb_ranker_ray_failure_v1/driver_artifacts`

Training started with configuration:
╭──────────────────────────────────────────────────────────────────────╮
│ Training config                                                      │
├──────────────────────────────────────────────────────────────────────┤
│ train_loop_config/failure_marker_path           ...ker_0_failed_once │
│ train_loop_config/feature_columns               ...', 'history_pc6'] │
│ train_loop_config/random_seed                                     42 │
│ train_loop_config/ray/checkpoint_frequency                        25 │
│ train_loop_config/ray/cpus_per_worker                              2 │
│ train_loop_config/ray/failure_epoch                               50 │
│ train_loop_config/ray/max_failures                                 1 │
│ train_loop_config/ray/num_workers                                  4 │
│ train_loop_config/ray/simulate_worker_failure                   True │
│ train_loop_config/ray/storage_path              ...y_results/autogym │
│ train_loop_config/train_shards                  ...train_3.parquet'] │
│ train_loop_config/training/colsample_bytree                      0.9 │
│ train_loop_config/training/eval_metric                       ndcg@10 │
│ train_loop_config/training/group_key                         user_id │
│ train_loop_config/training/label_column                        label │
│ train_loop_config/training/learning_rate                        0.05 │
│ train_loop_config/training/max_depth                               6 │
│ train_loop_config/training/min_child_weight                      1.0 │
│ train_loop_config/training/n_estimators                          200 │
│ train_loop_config/training/objective                       rank:ndcg │
│ train_loop_config/training/reg_lambda                            1.0 │
│ train_loop_config/training/subsample                             0.9 │
│ train_loop_config/training/tree_method                          hist │
│ train_loop_config/validation_shards             ...ation_3.parquet'] │
╰──────────────────────────────────────────────────────────────────────╯

Training finished iteration 1 at 2026-04-07 00:39:05. Total running time: 10s
╭───────────────────────────────╮
│ Training result               │
├───────────────────────────────┤
│ checkpoint_dir_name           │
│ time_this_iter_s      5.77257 │
│ time_total_s          5.77257 │
│ training_iteration          1 │
│ validation-ndcg@10          1 │
╰───────────────────────────────╯

Training finished iteration 2 at 2026-04-07 00:39:05. Total running time: 10s
╭───────────────────────────────╮
│ Training result               │
├───────────────────────────────┤
│ checkpoint_dir_name           │
│ time_this_iter_s      0.01401 │
│ time_total_s          5.78658 │
│ training_iteration          2 │
│ validation-ndcg@10          1 │
╰───────────────────────────────╯

Training finished iteration 3 at 2026-04-07 00:39:05. Total running time: 10s
╭───────────────────────────────╮
│ Training result               │
├───────────────────────────────┤
│ checkpoint_dir_name           │
│ time_this_iter_s      0.04687 │
│ time_total_s          5.83346 │
│ training_iteration          3 │
│ validation-ndcg@10          1 │
╰───────────────────────────────╯

Training finished iteration 4 at 2026-04-07 00:39:05. Total running time: 10s
╭───────────────────────────────╮
│ Training result               │
├───────────────────────────────┤
│ checkpoint_dir_name           │
│ time_this_iter_s      0.03752 │
│ time_total_s          5.87098 │
│ training_iteration          4 │
│ validation-ndcg@10          1 │
╰───────────────────────────────╯

Training finished iteration 5 at 2026-04-07 00:39:05. Total running time: 10s
╭───────────────────────────────╮
│ Training result               │
├───────────────────────────────┤
│ checkpoint_dir_name           │
│ time_this_iter_s       0.0324 │
│ time_total_s          5.90338 │
│ training_iteration          5 │
│ validation-ndcg@10          1 │
╰───────────────────────────────╯

Training finished iteration 6 at 2026-04-07 00:39:05. Total running time: 10s
╭───────────────────────────────╮
│ Training result               │
├───────────────────────────────┤
│ checkpoint_dir_name           │
│ time_this_iter_s      0.02715 │
│ time_total_s          5.93053 │
│ training_iteration          6 │
│ validation-ndcg@10          1 │
╰───────────────────────────────╯

Training finished iteration 7 at 2026-04-07 00:39:05. Total running time: 10s
╭───────────────────────────────╮
│ Training result               │
├───────────────────────────────┤
│ checkpoint_dir_name           │
│ time_this_iter_s       0.0277 │
│ time_total_s          5.95823 │
│ training_iteration          7 │
│ validation-ndcg@10          1 │
╰───────────────────────────────╯

Training finished iteration 8 at 2026-04-07 00:39:05. Total running time: 10s
╭───────────────────────────────╮
│ Training result               │
├───────────────────────────────┤
│ checkpoint_dir_name           │
│ time_this_iter_s       0.0268 │
│ time_total_s          5.98502 │
│ training_iteration          8 │
│ validation-ndcg@10          1 │
╰───────────────────────────────╯

Training finished iteration 9 at 2026-04-07 00:39:05. Total running time: 10s
╭───────────────────────────────╮
│ Training result               │
├───────────────────────────────┤
│ checkpoint_dir_name           │
│ time_this_iter_s      0.02199 │
│ time_total_s          6.00701 │
│ training_iteration          9 │
│ validation-ndcg@10          1 │
╰───────────────────────────────╯

Training finished iteration 10 at 2026-04-07 00:39:05. Total running time: 10s
╭───────────────────────────────╮
│ Training result               │
├───────────────────────────────┤
│ checkpoint_dir_name           │
│ time_this_iter_s      0.02216 │
│ time_total_s          6.02917 │
│ training_iteration         10 │
│ validation-ndcg@10          1 │
╰───────────────────────────────╯

Training finished iteration 11 at 2026-04-07 00:39:05. Total running time: 10s
╭───────────────────────────────╮
│ Training result               │
├───────────────────────────────┤
│ checkpoint_dir_name           │
│ time_this_iter_s      0.02758 │
│ time_total_s          6.05675 │
│ training_iteration         11 │
│ validation-ndcg@10          1 │
╰───────────────────────────────╯

Training finished iteration 12 at 2026-04-07 00:39:06. Total running time: 10s
╭───────────────────────────────╮
│ Training result               │
├───────────────────────────────┤
│ checkpoint_dir_name           │
│ time_this_iter_s      0.02682 │
│ time_total_s          6.08357 │
│ training_iteration         12 │
│ validation-ndcg@10          1 │
╰───────────────────────────────╯

Training finished iteration 13 at 2026-04-07 00:39:06. Total running time: 10s
╭───────────────────────────────╮
│ Training result               │
├───────────────────────────────┤
│ checkpoint_dir_name           │
│ time_this_iter_s       0.0267 │
│ time_total_s          6.11027 │
│ training_iteration         13 │
│ validation-ndcg@10          1 │
╰───────────────────────────────╯

Training finished iteration 14 at 2026-04-07 00:39:06. Total running time: 10s
╭───────────────────────────────╮
│ Training result               │
├───────────────────────────────┤
│ checkpoint_dir_name           │
│ time_this_iter_s      0.02693 │
│ time_total_s           6.1372 │
│ training_iteration         14 │
│ validation-ndcg@10          1 │
╰───────────────────────────────╯

Training finished iteration 15 at 2026-04-07 00:39:06. Total running time: 10s
╭───────────────────────────────╮
│ Training result               │
├───────────────────────────────┤
│ checkpoint_dir_name           │
│ time_this_iter_s      0.02778 │
│ time_total_s          6.16498 │
│ training_iteration         15 │
│ validation-ndcg@10          1 │
╰───────────────────────────────╯

Training finished iteration 16 at 2026-04-07 00:39:06. Total running time: 11s
╭───────────────────────────────╮
│ Training result               │
├───────────────────────────────┤
│ checkpoint_dir_name           │
│ time_this_iter_s      0.02769 │
│ time_total_s          6.19267 │
│ training_iteration         16 │
│ validation-ndcg@10          1 │
╰───────────────────────────────╯

Training finished iteration 17 at 2026-04-07 00:39:06. Total running time: 11s
╭───────────────────────────────╮
│ Training result               │
├───────────────────────────────┤
│ checkpoint_dir_name           │
│ time_this_iter_s      0.02704 │
│ time_total_s          6.21971 │
│ training_iteration         17 │
│ validation-ndcg@10          1 │
╰───────────────────────────────╯

Training finished iteration 18 at 2026-04-07 00:39:06. Total running time: 11s
╭───────────────────────────────╮
│ Training result               │
├───────────────────────────────┤
│ checkpoint_dir_name           │
│ time_this_iter_s      0.02036 │
│ time_total_s          6.24007 │
│ training_iteration         18 │
│ validation-ndcg@10          1 │
╰───────────────────────────────╯

Training finished iteration 19 at 2026-04-07 00:39:06. Total running time: 11s
╭───────────────────────────────╮
│ Training result               │
├───────────────────────────────┤
│ checkpoint_dir_name           │
│ time_this_iter_s      0.02005 │
│ time_total_s          6.26012 │
│ training_iteration         19 │
│ validation-ndcg@10          1 │
╰───────────────────────────────╯

Training finished iteration 20 at 2026-04-07 00:39:06. Total running time: 11s
╭───────────────────────────────╮
│ Training result               │
├───────────────────────────────┤
│ checkpoint_dir_name           │
│ time_this_iter_s      0.02123 │
│ time_total_s          6.28135 │
│ training_iteration         20 │
│ validation-ndcg@10          1 │
╰───────────────────────────────╯

Training finished iteration 21 at 2026-04-07 00:39:06. Total running time: 11s
╭───────────────────────────────╮
│ Training result               │
├───────────────────────────────┤
│ checkpoint_dir_name           │
│ time_this_iter_s      0.03593 │
│ time_total_s          6.31727 │
│ training_iteration         21 │
│ validation-ndcg@10          1 │
╰───────────────────────────────╯

Training finished iteration 22 at 2026-04-07 00:39:06. Total running time: 11s
╭───────────────────────────────╮
│ Training result               │
├───────────────────────────────┤
│ checkpoint_dir_name           │
│ time_this_iter_s       0.0264 │
│ time_total_s          6.34368 │
│ training_iteration         22 │
│ validation-ndcg@10          1 │
╰───────────────────────────────╯

Training finished iteration 23 at 2026-04-07 00:39:06. Total running time: 11s
╭───────────────────────────────╮
│ Training result               │
├───────────────────────────────┤
│ checkpoint_dir_name           │
│ time_this_iter_s      0.02755 │
│ time_total_s          6.37123 │
│ training_iteration         23 │
│ validation-ndcg@10          1 │
╰───────────────────────────────╯

Training finished iteration 24 at 2026-04-07 00:39:06. Total running time: 11s
╭───────────────────────────────╮
│ Training result               │
├───────────────────────────────┤
│ checkpoint_dir_name           │
│ time_this_iter_s      0.04162 │
│ time_total_s          6.41284 │
│ training_iteration         24 │
│ validation-ndcg@10          1 │
╰───────────────────────────────╯

Training finished iteration 25 at 2026-04-07 00:39:06. Total running time: 11s
╭─────────────────────────────────────────╮
│ Training result                         │
├─────────────────────────────────────────┤
│ checkpoint_dir_name   checkpoint_000000 │
│ time_this_iter_s                0.02905 │
│ time_total_s                    6.44189 │
│ training_iteration                   25 │
│ validation-ndcg@10                   1. │
╰─────────────────────────────────────────╯
Training saved a checkpoint for iteration 25 at: (local)/app/local/ray_results/autogym/xgb_ranker_ray_failure_v1/DataParallelTrainer_28463_00000_0_2026-04-07_00-38-55/checkpoint_000000

Training finished iteration 26 at 2026-04-07 00:39:06. Total running time: 11s
╭───────────────────────────────╮
│ Training result               │
├───────────────────────────────┤
│ checkpoint_dir_name           │
│ time_this_iter_s      0.01612 │
│ time_total_s          6.45801 │
│ training_iteration         26 │
│ validation-ndcg@10          1 │
╰───────────────────────────────╯

Training finished iteration 27 at 2026-04-07 00:39:06. Total running time: 11s
╭───────────────────────────────╮
│ Training result               │
├───────────────────────────────┤
│ checkpoint_dir_name           │
│ time_this_iter_s      0.03118 │
│ time_total_s          6.48919 │
│ training_iteration         27 │
│ validation-ndcg@10          1 │
╰───────────────────────────────╯

Training finished iteration 28 at 2026-04-07 00:39:06. Total running time: 11s
╭───────────────────────────────╮
│ Training result               │
├───────────────────────────────┤
│ checkpoint_dir_name           │
│ time_this_iter_s      0.02614 │
│ time_total_s          6.51533 │
│ training_iteration         28 │
│ validation-ndcg@10          1 │
╰───────────────────────────────╯

Training finished iteration 29 at 2026-04-07 00:39:06. Total running time: 11s
╭───────────────────────────────╮
│ Training result               │
├───────────────────────────────┤
│ checkpoint_dir_name           │
│ time_this_iter_s      0.02631 │
│ time_total_s          6.54163 │
│ training_iteration         29 │
│ validation-ndcg@10          1 │
╰───────────────────────────────╯

Training finished iteration 30 at 2026-04-07 00:39:06. Total running time: 11s
╭───────────────────────────────╮
│ Training result               │
├───────────────────────────────┤
│ checkpoint_dir_name           │
│ time_this_iter_s      0.03129 │
│ time_total_s          6.57292 │
│ training_iteration         30 │
│ validation-ndcg@10          1 │
╰───────────────────────────────╯

Training finished iteration 31 at 2026-04-07 00:39:06. Total running time: 11s
╭───────────────────────────────╮
│ Training result               │
├───────────────────────────────┤
│ checkpoint_dir_name           │
│ time_this_iter_s      0.02627 │
│ time_total_s          6.59919 │
│ training_iteration         31 │
│ validation-ndcg@10          1 │
╰───────────────────────────────╯

Training finished iteration 32 at 2026-04-07 00:39:06. Total running time: 11s
╭───────────────────────────────╮
│ Training result               │
├───────────────────────────────┤
│ checkpoint_dir_name           │
│ time_this_iter_s      0.02621 │
│ time_total_s           6.6254 │
│ training_iteration         32 │
│ validation-ndcg@10          1 │
╰───────────────────────────────╯

Training finished iteration 33 at 2026-04-07 00:39:06. Total running time: 11s
╭───────────────────────────────╮
│ Training result               │
├───────────────────────────────┤
│ checkpoint_dir_name           │
│ time_this_iter_s      0.02659 │
│ time_total_s          6.65199 │
│ training_iteration         33 │
│ validation-ndcg@10          1 │
╰───────────────────────────────╯

Training finished iteration 34 at 2026-04-07 00:39:06. Total running time: 11s
╭───────────────────────────────╮
│ Training result               │
├───────────────────────────────┤
│ checkpoint_dir_name           │
│ time_this_iter_s      0.03034 │
│ time_total_s          6.68233 │
│ training_iteration         34 │
│ validation-ndcg@10          1 │
╰───────────────────────────────╯

Training finished iteration 35 at 2026-04-07 00:39:06. Total running time: 11s
╭───────────────────────────────╮
│ Training result               │
├───────────────────────────────┤
│ checkpoint_dir_name           │
│ time_this_iter_s       0.0305 │
│ time_total_s          6.71283 │
│ training_iteration         35 │
│ validation-ndcg@10          1 │
╰───────────────────────────────╯

Training finished iteration 36 at 2026-04-07 00:39:06. Total running time: 11s
╭───────────────────────────────╮
│ Training result               │
├───────────────────────────────┤
│ checkpoint_dir_name           │
│ time_this_iter_s      0.03007 │
│ time_total_s           6.7429 │
│ training_iteration         36 │
│ validation-ndcg@10          1 │
╰───────────────────────────────╯

Training finished iteration 37 at 2026-04-07 00:39:06. Total running time: 11s
╭───────────────────────────────╮
│ Training result               │
├───────────────────────────────┤
│ checkpoint_dir_name           │
│ time_this_iter_s      0.02687 │
│ time_total_s          6.76977 │
│ training_iteration         37 │
│ validation-ndcg@10          1 │
╰───────────────────────────────╯

Training finished iteration 38 at 2026-04-07 00:39:06. Total running time: 11s
╭───────────────────────────────╮
│ Training result               │
├───────────────────────────────┤
│ checkpoint_dir_name           │
│ time_this_iter_s      0.02664 │
│ time_total_s          6.79641 │
│ training_iteration         38 │
│ validation-ndcg@10          1 │
╰───────────────────────────────╯

Training finished iteration 39 at 2026-04-07 00:39:07. Total running time: 11s
╭───────────────────────────────╮
│ Training result               │
├───────────────────────────────┤
│ checkpoint_dir_name           │
│ time_this_iter_s      0.03842 │
│ time_total_s          6.83483 │
│ training_iteration         39 │
│ validation-ndcg@10          1 │
╰───────────────────────────────╯

Training finished iteration 40 at 2026-04-07 00:39:07. Total running time: 11s
╭───────────────────────────────╮
│ Training result               │
├───────────────────────────────┤
│ checkpoint_dir_name           │
│ time_this_iter_s      0.02548 │
│ time_total_s          6.86031 │
│ training_iteration         40 │
│ validation-ndcg@10          1 │
╰───────────────────────────────╯

Training finished iteration 41 at 2026-04-07 00:39:07. Total running time: 11s
╭───────────────────────────────╮
│ Training result               │
├───────────────────────────────┤
│ checkpoint_dir_name           │
│ time_this_iter_s      0.02655 │
│ time_total_s          6.88686 │
│ training_iteration         41 │
│ validation-ndcg@10          1 │
╰───────────────────────────────╯

Training finished iteration 42 at 2026-04-07 00:39:07. Total running time: 11s
╭───────────────────────────────╮
│ Training result               │
├───────────────────────────────┤
│ checkpoint_dir_name           │
│ time_this_iter_s      0.02618 │
│ time_total_s          6.91304 │
│ training_iteration         42 │
│ validation-ndcg@10          1 │
╰───────────────────────────────╯

Training finished iteration 43 at 2026-04-07 00:39:07. Total running time: 12s
╭───────────────────────────────╮
│ Training result               │
├───────────────────────────────┤
│ checkpoint_dir_name           │
│ time_this_iter_s      0.02703 │
│ time_total_s          6.94007 │
│ training_iteration         43 │
│ validation-ndcg@10          1 │
╰───────────────────────────────╯

Training finished iteration 44 at 2026-04-07 00:39:07. Total running time: 12s
╭───────────────────────────────╮
│ Training result               │
├───────────────────────────────┤
│ checkpoint_dir_name           │
│ time_this_iter_s      0.03164 │
│ time_total_s          6.97171 │
│ training_iteration         44 │
│ validation-ndcg@10          1 │
╰───────────────────────────────╯

Training finished iteration 45 at 2026-04-07 00:39:07. Total running time: 12s
╭───────────────────────────────╮
│ Training result               │
├───────────────────────────────┤
│ checkpoint_dir_name           │
│ time_this_iter_s      0.03122 │
│ time_total_s          7.00293 │
│ training_iteration         45 │
│ validation-ndcg@10          1 │
╰───────────────────────────────╯

Training finished iteration 46 at 2026-04-07 00:39:07. Total running time: 12s
╭───────────────────────────────╮
│ Training result               │
├───────────────────────────────┤
│ checkpoint_dir_name           │
│ time_this_iter_s      0.03065 │
│ time_total_s          7.03358 │
│ training_iteration         46 │
│ validation-ndcg@10          1 │
╰───────────────────────────────╯

Training finished iteration 47 at 2026-04-07 00:39:07. Total running time: 12s
╭───────────────────────────────╮
│ Training result               │
├───────────────────────────────┤
│ checkpoint_dir_name           │
│ time_this_iter_s      0.02957 │
│ time_total_s          7.06316 │
│ training_iteration         47 │
│ validation-ndcg@10          1 │
╰───────────────────────────────╯

Training finished iteration 48 at 2026-04-07 00:39:07. Total running time: 12s
╭───────────────────────────────╮
│ Training result               │
├───────────────────────────────┤
│ checkpoint_dir_name           │
│ time_this_iter_s      0.02776 │
│ time_total_s          7.09092 │
│ training_iteration         48 │
│ validation-ndcg@10          1 │
╰───────────────────────────────╯

Training finished iteration 49 at 2026-04-07 00:39:07. Total running time: 12s
╭───────────────────────────────╮
│ Training result               │
├───────────────────────────────┤
│ checkpoint_dir_name           │
│ time_this_iter_s      0.03003 │
│ time_total_s          7.12095 │
│ training_iteration         49 │
│ validation-ndcg@10          1 │
╰───────────────────────────────╯

Training errored after 49 iterations at 2026-04-07 00:39:07. Total running time: 12s
Error file: /tmp/ray/session_2026-04-07_00-38-49_651827_1/artifacts/2026-04-07_00-38-55/xgb_ranker_ray_failure_v1/driver_artifacts/DataParallelTrainer_28463_00000_0_2026-04-07_00-38-55/error.txt

Training started with configuration:
╭──────────────────────────────────────────────────────────────────────╮
│ Training config                                                      │
├──────────────────────────────────────────────────────────────────────┤
│ train_loop_config/failure_marker_path           ...ker_0_failed_once │
│ train_loop_config/feature_columns               ...', 'history_pc6'] │
│ train_loop_config/random_seed                                     42 │
│ train_loop_config/ray/checkpoint_frequency                        25 │
│ train_loop_config/ray/cpus_per_worker                              2 │
│ train_loop_config/ray/failure_epoch                               50 │
│ train_loop_config/ray/max_failures                                 1 │
│ train_loop_config/ray/num_workers                                  4 │
│ train_loop_config/ray/simulate_worker_failure                   True │
│ train_loop_config/ray/storage_path              ...y_results/autogym │
│ train_loop_config/train_shards                  ...train_3.parquet'] │
│ train_loop_config/training/colsample_bytree                      0.9 │
│ train_loop_config/training/eval_metric                       ndcg@10 │
│ train_loop_config/training/group_key                         user_id │
│ train_loop_config/training/label_column                        label │
│ train_loop_config/training/learning_rate                        0.05 │
│ train_loop_config/training/max_depth                               6 │
│ train_loop_config/training/min_child_weight                      1.0 │
│ train_loop_config/training/n_estimators                          200 │
│ train_loop_config/training/objective                       rank:ndcg │
│ train_loop_config/training/reg_lambda                            1.0 │
│ train_loop_config/training/subsample                             0.9 │
│ train_loop_config/training/tree_method                          hist │
│ train_loop_config/validation_shards             ...ation_3.parquet'] │
╰──────────────────────────────────────────────────────────────────────╯

Training finished iteration 26 at 2026-04-07 00:39:18. Total running time: 23s
╭───────────────────────────────╮
│ Training result               │
├───────────────────────────────┤
│ checkpoint_dir_name           │
│ time_this_iter_s      5.64373 │
│ time_total_s          12.0856 │
│ training_iteration         26 │
│ validation-ndcg@10          1 │
╰───────────────────────────────╯

Training finished iteration 27 at 2026-04-07 00:39:18. Total running time: 23s
╭───────────────────────────────╮
│ Training result               │
├───────────────────────────────┤
│ checkpoint_dir_name           │
│ time_this_iter_s      0.02383 │
│ time_total_s          12.1095 │
│ training_iteration         27 │
│ validation-ndcg@10          1 │
╰───────────────────────────────╯

Training finished iteration 28 at 2026-04-07 00:39:18. Total running time: 23s
╭───────────────────────────────╮
│ Training result               │
├───────────────────────────────┤
│ checkpoint_dir_name           │
│ time_this_iter_s      0.04263 │
│ time_total_s          12.1521 │
│ training_iteration         28 │
│ validation-ndcg@10          1 │
╰───────────────────────────────╯

Training finished iteration 29 at 2026-04-07 00:39:18. Total running time: 23s
╭───────────────────────────────╮
│ Training result               │
├───────────────────────────────┤
│ checkpoint_dir_name           │
│ time_this_iter_s      0.03174 │
│ time_total_s          12.1838 │
│ training_iteration         29 │
│ validation-ndcg@10          1 │
╰───────────────────────────────╯

Training finished iteration 30 at 2026-04-07 00:39:18. Total running time: 23s
╭───────────────────────────────╮
│ Training result               │
├───────────────────────────────┤
│ checkpoint_dir_name           │
│ time_this_iter_s      0.02967 │
│ time_total_s          12.2135 │
│ training_iteration         30 │
│ validation-ndcg@10          1 │
╰───────────────────────────────╯

Training finished iteration 31 at 2026-04-07 00:39:18. Total running time: 23s
╭───────────────────────────────╮
│ Training result               │
├───────────────────────────────┤
│ checkpoint_dir_name           │
│ time_this_iter_s      0.02952 │
│ time_total_s           12.243 │
│ training_iteration         31 │
│ validation-ndcg@10          1 │
╰───────────────────────────────╯

Training finished iteration 32 at 2026-04-07 00:39:18. Total running time: 23s
╭───────────────────────────────╮
│ Training result               │
├───────────────────────────────┤
│ checkpoint_dir_name           │
│ time_this_iter_s      0.02372 │
│ time_total_s          12.2667 │
│ training_iteration         32 │
│ validation-ndcg@10          1 │
╰───────────────────────────────╯

Training finished iteration 33 at 2026-04-07 00:39:19. Total running time: 23s
╭───────────────────────────────╮
│ Training result               │
├───────────────────────────────┤
│ checkpoint_dir_name           │
│ time_this_iter_s      0.02919 │
│ time_total_s          12.2959 │
│ training_iteration         33 │
│ validation-ndcg@10          1 │
╰───────────────────────────────╯

Training finished iteration 34 at 2026-04-07 00:39:19. Total running time: 23s
╭───────────────────────────────╮
│ Training result               │
├───────────────────────────────┤
│ checkpoint_dir_name           │
│ time_this_iter_s      0.03024 │
│ time_total_s          12.3262 │
│ training_iteration         34 │
│ validation-ndcg@10          1 │
╰───────────────────────────────╯

Training finished iteration 35 at 2026-04-07 00:39:19. Total running time: 23s
╭───────────────────────────────╮
│ Training result               │
├───────────────────────────────┤
│ checkpoint_dir_name           │
│ time_this_iter_s      0.03028 │
│ time_total_s          12.3564 │
│ training_iteration         35 │
│ validation-ndcg@10          1 │
╰───────────────────────────────╯

Training finished iteration 36 at 2026-04-07 00:39:19. Total running time: 23s
╭───────────────────────────────╮
│ Training result               │
├───────────────────────────────┤
│ checkpoint_dir_name           │
│ time_this_iter_s      0.03418 │
│ time_total_s          12.3906 │
│ training_iteration         36 │
│ validation-ndcg@10          1 │
╰───────────────────────────────╯

Training finished iteration 37 at 2026-04-07 00:39:19. Total running time: 24s
╭───────────────────────────────╮
│ Training result               │
├───────────────────────────────┤
│ checkpoint_dir_name           │
│ time_this_iter_s       0.0273 │
│ time_total_s          12.4179 │
│ training_iteration         37 │
│ validation-ndcg@10          1 │
╰───────────────────────────────╯

Training finished iteration 38 at 2026-04-07 00:39:19. Total running time: 24s
╭───────────────────────────────╮
│ Training result               │
├───────────────────────────────┤
│ checkpoint_dir_name           │
│ time_this_iter_s      0.04537 │
│ time_total_s          12.4633 │
│ training_iteration         38 │
│ validation-ndcg@10          1 │
╰───────────────────────────────╯

Training finished iteration 39 at 2026-04-07 00:39:19. Total running time: 24s
╭───────────────────────────────╮
│ Training result               │
├───────────────────────────────┤
│ checkpoint_dir_name           │
│ time_this_iter_s       0.0303 │
│ time_total_s          12.4936 │
│ training_iteration         39 │
│ validation-ndcg@10          1 │
╰───────────────────────────────╯

Training finished iteration 40 at 2026-04-07 00:39:19. Total running time: 24s
╭───────────────────────────────╮
│ Training result               │
├───────────────────────────────┤
│ checkpoint_dir_name           │
│ time_this_iter_s      0.02721 │
│ time_total_s          12.5208 │
│ training_iteration         40 │
│ validation-ndcg@10          1 │
╰───────────────────────────────╯

Training finished iteration 41 at 2026-04-07 00:39:19. Total running time: 24s
╭───────────────────────────────╮
│ Training result               │
├───────────────────────────────┤
│ checkpoint_dir_name           │
│ time_this_iter_s      0.03155 │
│ time_total_s          12.5524 │
│ training_iteration         41 │
│ validation-ndcg@10          1 │
╰───────────────────────────────╯

Training finished iteration 42 at 2026-04-07 00:39:19. Total running time: 24s
╭───────────────────────────────╮
│ Training result               │
├───────────────────────────────┤
│ checkpoint_dir_name           │
│ time_this_iter_s      0.03896 │
│ time_total_s          12.5913 │
│ training_iteration         42 │
│ validation-ndcg@10          1 │
╰───────────────────────────────╯

Training finished iteration 43 at 2026-04-07 00:39:19. Total running time: 24s
╭───────────────────────────────╮
│ Training result               │
├───────────────────────────────┤
│ checkpoint_dir_name           │
│ time_this_iter_s       0.0306 │
│ time_total_s          12.6219 │
│ training_iteration         43 │
│ validation-ndcg@10          1 │
╰───────────────────────────────╯

Training finished iteration 44 at 2026-04-07 00:39:19. Total running time: 24s
╭───────────────────────────────╮
│ Training result               │
├───────────────────────────────┤
│ checkpoint_dir_name           │
│ time_this_iter_s      0.03192 │
│ time_total_s          12.6538 │
│ training_iteration         44 │
│ validation-ndcg@10          1 │
╰───────────────────────────────╯

Training finished iteration 45 at 2026-04-07 00:39:19. Total running time: 24s
╭───────────────────────────────╮
│ Training result               │
├───────────────────────────────┤
│ checkpoint_dir_name           │
│ time_this_iter_s      0.03203 │
│ time_total_s          12.6859 │
│ training_iteration         45 │
│ validation-ndcg@10          1 │
╰───────────────────────────────╯

Training finished iteration 46 at 2026-04-07 00:39:19. Total running time: 24s
╭───────────────────────────────╮
│ Training result               │
├───────────────────────────────┤
│ checkpoint_dir_name           │
│ time_this_iter_s       0.0439 │
│ time_total_s          12.7298 │
│ training_iteration         46 │
│ validation-ndcg@10          1 │
╰───────────────────────────────╯

Training finished iteration 47 at 2026-04-07 00:39:19. Total running time: 24s
╭───────────────────────────────╮
│ Training result               │
├───────────────────────────────┤
│ checkpoint_dir_name           │
│ time_this_iter_s      0.02963 │
│ time_total_s          12.7594 │
│ training_iteration         47 │
│ validation-ndcg@10          1 │
╰───────────────────────────────╯

Training finished iteration 48 at 2026-04-07 00:39:19. Total running time: 24s
╭───────────────────────────────╮
│ Training result               │
├───────────────────────────────┤
│ checkpoint_dir_name           │
│ time_this_iter_s      0.03307 │
│ time_total_s          12.7925 │
│ training_iteration         48 │
│ validation-ndcg@10          1 │
╰───────────────────────────────╯

Training finished iteration 49 at 2026-04-07 00:39:19. Total running time: 24s
╭───────────────────────────────╮
│ Training result               │
├───────────────────────────────┤
│ checkpoint_dir_name           │
│ time_this_iter_s      0.04174 │
│ time_total_s          12.8342 │
│ training_iteration         49 │
│ validation-ndcg@10          1 │
╰───────────────────────────────╯

Training finished iteration 50 at 2026-04-07 00:39:19. Total running time: 24s
╭─────────────────────────────────────────╮
│ Training result                         │
├─────────────────────────────────────────┤
│ checkpoint_dir_name   checkpoint_000001 │
│ time_this_iter_s                0.03454 │
│ time_total_s                   12.86874 │
│ training_iteration                   50 │
│ validation-ndcg@10                   1. │
╰─────────────────────────────────────────╯
Training saved a checkpoint for iteration 50 at: (local)/app/local/ray_results/autogym/xgb_ranker_ray_failure_v1/DataParallelTrainer_28463_00000_0_2026-04-07_00-38-55/checkpoint_000001

Training finished iteration 51 at 2026-04-07 00:39:19. Total running time: 24s
╭───────────────────────────────╮
│ Training result               │
├───────────────────────────────┤
│ checkpoint_dir_name           │
│ time_this_iter_s      0.02552 │
│ time_total_s          12.8943 │
│ training_iteration         51 │
│ validation-ndcg@10          1 │
╰───────────────────────────────╯

Training finished iteration 52 at 2026-04-07 00:39:19. Total running time: 24s
╭───────────────────────────────╮
│ Training result               │
├───────────────────────────────┤
│ checkpoint_dir_name           │
│ time_this_iter_s      0.03364 │
│ time_total_s          12.9279 │
│ training_iteration         52 │
│ validation-ndcg@10          1 │
╰───────────────────────────────╯

Training finished iteration 53 at 2026-04-07 00:39:19. Total running time: 24s
╭───────────────────────────────╮
│ Training result               │
├───────────────────────────────┤
│ checkpoint_dir_name           │
│ time_this_iter_s      0.02922 │
│ time_total_s          12.9571 │
│ training_iteration         53 │
│ validation-ndcg@10          1 │
╰───────────────────────────────╯

Training finished iteration 54 at 2026-04-07 00:39:19. Total running time: 24s
╭───────────────────────────────╮
│ Training result               │
├───────────────────────────────┤
│ checkpoint_dir_name           │
│ time_this_iter_s      0.03133 │
│ time_total_s          12.9885 │
│ training_iteration         54 │
│ validation-ndcg@10          1 │
╰───────────────────────────────╯

Training finished iteration 55 at 2026-04-07 00:39:19. Total running time: 24s
╭───────────────────────────────╮
│ Training result               │
├───────────────────────────────┤
│ checkpoint_dir_name           │
│ time_this_iter_s      0.03457 │
│ time_total_s           13.023 │
│ training_iteration         55 │
│ validation-ndcg@10          1 │
╰───────────────────────────────╯

Training finished iteration 56 at 2026-04-07 00:39:19. Total running time: 24s
╭───────────────────────────────╮
│ Training result               │
├───────────────────────────────┤
│ checkpoint_dir_name           │
│ time_this_iter_s      0.03016 │
│ time_total_s          13.0532 │
│ training_iteration         56 │
│ validation-ndcg@10          1 │
╰───────────────────────────────╯

Training finished iteration 57 at 2026-04-07 00:39:19. Total running time: 24s
╭───────────────────────────────╮
│ Training result               │
├───────────────────────────────┤
│ checkpoint_dir_name           │
│ time_this_iter_s       0.0271 │
│ time_total_s          13.0803 │
│ training_iteration         57 │
│ validation-ndcg@10          1 │
╰───────────────────────────────╯

Training finished iteration 58 at 2026-04-07 00:39:20. Total running time: 24s
╭───────────────────────────────╮
│ Training result               │
├───────────────────────────────┤
│ checkpoint_dir_name           │
│ time_this_iter_s       0.0283 │
│ time_total_s          13.1086 │
│ training_iteration         58 │
│ validation-ndcg@10          1 │
╰───────────────────────────────╯

Training finished iteration 59 at 2026-04-07 00:39:20. Total running time: 24s
╭───────────────────────────────╮
│ Training result               │
├───────────────────────────────┤
│ checkpoint_dir_name           │
│ time_this_iter_s      0.03364 │
│ time_total_s          13.1422 │
│ training_iteration         59 │
│ validation-ndcg@10          1 │
╰───────────────────────────────╯

Training finished iteration 60 at 2026-04-07 00:39:20. Total running time: 24s
╭───────────────────────────────╮
│ Training result               │
├───────────────────────────────┤
│ checkpoint_dir_name           │
│ time_this_iter_s      0.03608 │
│ time_total_s          13.1783 │
│ training_iteration         60 │
│ validation-ndcg@10          1 │
╰───────────────────────────────╯

Training finished iteration 61 at 2026-04-07 00:39:20. Total running time: 24s
╭───────────────────────────────╮
│ Training result               │
├───────────────────────────────┤
│ checkpoint_dir_name           │
│ time_this_iter_s      0.03324 │
│ time_total_s          13.2115 │
│ training_iteration         61 │
│ validation-ndcg@10          1 │
╰───────────────────────────────╯

Training finished iteration 62 at 2026-04-07 00:39:20. Total running time: 25s
╭───────────────────────────────╮
│ Training result               │
├───────────────────────────────┤
│ checkpoint_dir_name           │
│ time_this_iter_s      0.02964 │
│ time_total_s          13.2412 │
│ training_iteration         62 │
│ validation-ndcg@10          1 │
╰───────────────────────────────╯

Training finished iteration 63 at 2026-04-07 00:39:20. Total running time: 25s
╭───────────────────────────────╮
│ Training result               │
├───────────────────────────────┤
│ checkpoint_dir_name           │
│ time_this_iter_s      0.02918 │
│ time_total_s          13.2704 │
│ training_iteration         63 │
│ validation-ndcg@10          1 │
╰───────────────────────────────╯

Training finished iteration 64 at 2026-04-07 00:39:20. Total running time: 25s
╭───────────────────────────────╮
│ Training result               │
├───────────────────────────────┤
│ checkpoint_dir_name           │
│ time_this_iter_s      0.03805 │
│ time_total_s          13.3084 │
│ training_iteration         64 │
│ validation-ndcg@10          1 │
╰───────────────────────────────╯

Training finished iteration 65 at 2026-04-07 00:39:20. Total running time: 25s
╭───────────────────────────────╮
│ Training result               │
├───────────────────────────────┤
│ checkpoint_dir_name           │
│ time_this_iter_s      0.02881 │
│ time_total_s          13.3372 │
│ training_iteration         65 │
│ validation-ndcg@10          1 │
╰───────────────────────────────╯

Training finished iteration 66 at 2026-04-07 00:39:20. Total running time: 25s
╭───────────────────────────────╮
│ Training result               │
├───────────────────────────────┤
│ checkpoint_dir_name           │
│ time_this_iter_s      0.02778 │
│ time_total_s           13.365 │
│ training_iteration         66 │
│ validation-ndcg@10          1 │
╰───────────────────────────────╯

Training finished iteration 67 at 2026-04-07 00:39:20. Total running time: 25s
╭───────────────────────────────╮
│ Training result               │
├───────────────────────────────┤
│ checkpoint_dir_name           │
│ time_this_iter_s      0.02906 │
│ time_total_s          13.3941 │
│ training_iteration         67 │
│ validation-ndcg@10          1 │
╰───────────────────────────────╯

Training finished iteration 68 at 2026-04-07 00:39:20. Total running time: 25s
╭───────────────────────────────╮
│ Training result               │
├───────────────────────────────┤
│ checkpoint_dir_name           │
│ time_this_iter_s      0.03333 │
│ time_total_s          13.4274 │
│ training_iteration         68 │
│ validation-ndcg@10          1 │
╰───────────────────────────────╯

Training finished iteration 69 at 2026-04-07 00:39:20. Total running time: 25s
╭───────────────────────────────╮
│ Training result               │
├───────────────────────────────┤
│ checkpoint_dir_name           │
│ time_this_iter_s      0.03279 │
│ time_total_s          13.4602 │
│ training_iteration         69 │
│ validation-ndcg@10          1 │
╰───────────────────────────────╯

Training finished iteration 70 at 2026-04-07 00:39:20. Total running time: 25s
╭───────────────────────────────╮
│ Training result               │
├───────────────────────────────┤
│ checkpoint_dir_name           │
│ time_this_iter_s      0.02895 │
│ time_total_s          13.4891 │
│ training_iteration         70 │
│ validation-ndcg@10          1 │
╰───────────────────────────────╯

Training finished iteration 71 at 2026-04-07 00:39:20. Total running time: 25s
╭───────────────────────────────╮
│ Training result               │
├───────────────────────────────┤
│ checkpoint_dir_name           │
│ time_this_iter_s      0.03321 │
│ time_total_s          13.5223 │
│ training_iteration         71 │
│ validation-ndcg@10          1 │
╰───────────────────────────────╯

Training finished iteration 72 at 2026-04-07 00:39:20. Total running time: 25s
╭───────────────────────────────╮
│ Training result               │
├───────────────────────────────┤
│ checkpoint_dir_name           │
│ time_this_iter_s      0.03216 │
│ time_total_s          13.5545 │
│ training_iteration         72 │
│ validation-ndcg@10          1 │
╰───────────────────────────────╯

Training finished iteration 73 at 2026-04-07 00:39:20. Total running time: 25s
╭───────────────────────────────╮
│ Training result               │
├───────────────────────────────┤
│ checkpoint_dir_name           │
│ time_this_iter_s      0.02938 │
│ time_total_s          13.5839 │
│ training_iteration         73 │
│ validation-ndcg@10          1 │
╰───────────────────────────────╯

Training finished iteration 74 at 2026-04-07 00:39:20. Total running time: 25s
╭───────────────────────────────╮
│ Training result               │
├───────────────────────────────┤
│ checkpoint_dir_name           │
│ time_this_iter_s      0.03221 │
│ time_total_s          13.6161 │
│ training_iteration         74 │
│ validation-ndcg@10          1 │
╰───────────────────────────────╯

Training finished iteration 75 at 2026-04-07 00:39:20. Total running time: 25s
╭─────────────────────────────────────────╮
│ Training result                         │
├─────────────────────────────────────────┤
│ checkpoint_dir_name   checkpoint_000002 │
│ time_this_iter_s                 0.0335 │
│ time_total_s                   13.64961 │
│ training_iteration                   75 │
│ validation-ndcg@10                   1. │
╰─────────────────────────────────────────╯
Training saved a checkpoint for iteration 75 at: (local)/app/local/ray_results/autogym/xgb_ranker_ray_failure_v1/DataParallelTrainer_28463_00000_0_2026-04-07_00-38-55/checkpoint_000002

Training finished iteration 76 at 2026-04-07 00:39:20. Total running time: 25s
╭───────────────────────────────╮
│ Training result               │
├───────────────────────────────┤
│ checkpoint_dir_name           │
│ time_this_iter_s      0.02794 │
│ time_total_s          13.6776 │
│ training_iteration         76 │
│ validation-ndcg@10          1 │
╰───────────────────────────────╯

Training finished iteration 77 at 2026-04-07 00:39:20. Total running time: 25s
╭───────────────────────────────╮
│ Training result               │
├───────────────────────────────┤
│ checkpoint_dir_name           │
│ time_this_iter_s      0.02928 │
│ time_total_s          13.7068 │
│ training_iteration         77 │
│ validation-ndcg@10          1 │
╰───────────────────────────────╯

Training finished iteration 78 at 2026-04-07 00:39:20. Total running time: 25s
╭───────────────────────────────╮
│ Training result               │
├───────────────────────────────┤
│ checkpoint_dir_name           │
│ time_this_iter_s      0.02894 │
│ time_total_s          13.7358 │
│ training_iteration         78 │
│ validation-ndcg@10          1 │
╰───────────────────────────────╯

Training finished iteration 79 at 2026-04-07 00:39:20. Total running time: 25s
╭───────────────────────────────╮
│ Training result               │
├───────────────────────────────┤
│ checkpoint_dir_name           │
│ time_this_iter_s      0.03381 │
│ time_total_s          13.7696 │
│ training_iteration         79 │
│ validation-ndcg@10          1 │
╰───────────────────────────────╯

Training finished iteration 80 at 2026-04-07 00:39:20. Total running time: 25s
╭───────────────────────────────╮
│ Training result               │
├───────────────────────────────┤
│ checkpoint_dir_name           │
│ time_this_iter_s      0.03386 │
│ time_total_s          13.8034 │
│ training_iteration         80 │
│ validation-ndcg@10          1 │
╰───────────────────────────────╯

Training finished iteration 81 at 2026-04-07 00:39:20. Total running time: 25s
╭───────────────────────────────╮
│ Training result               │
├───────────────────────────────┤
│ checkpoint_dir_name           │
│ time_this_iter_s      0.03397 │
│ time_total_s          13.8374 │
│ training_iteration         81 │
│ validation-ndcg@10          1 │
╰───────────────────────────────╯

Training finished iteration 82 at 2026-04-07 00:39:20. Total running time: 25s
╭───────────────────────────────╮
│ Training result               │
├───────────────────────────────┤
│ checkpoint_dir_name           │
│ time_this_iter_s      0.03745 │
│ time_total_s          13.8748 │
│ training_iteration         82 │
│ validation-ndcg@10          1 │
╰───────────────────────────────╯

Training finished iteration 83 at 2026-04-07 00:39:20. Total running time: 25s
╭───────────────────────────────╮
│ Training result               │
├───────────────────────────────┤
│ checkpoint_dir_name           │
│ time_this_iter_s      0.03604 │
│ time_total_s          13.9109 │
│ training_iteration         83 │
│ validation-ndcg@10          1 │
╰───────────────────────────────╯

Training finished iteration 84 at 2026-04-07 00:39:21. Total running time: 25s
╭───────────────────────────────╮
│ Training result               │
├───────────────────────────────┤
│ checkpoint_dir_name           │
│ time_this_iter_s      0.02823 │
│ time_total_s          13.9391 │
│ training_iteration         84 │
│ validation-ndcg@10          1 │
╰───────────────────────────────╯

Training finished iteration 85 at 2026-04-07 00:39:21. Total running time: 25s
╭───────────────────────────────╮
│ Training result               │
├───────────────────────────────┤
│ checkpoint_dir_name           │
│ time_this_iter_s      0.03802 │
│ time_total_s          13.9771 │
│ training_iteration         85 │
│ validation-ndcg@10          1 │
╰───────────────────────────────╯

Training finished iteration 86 at 2026-04-07 00:39:21. Total running time: 25s
╭───────────────────────────────╮
│ Training result               │
├───────────────────────────────┤
│ checkpoint_dir_name           │
│ time_this_iter_s      0.02897 │
│ time_total_s          14.0061 │
│ training_iteration         86 │
│ validation-ndcg@10          1 │
╰───────────────────────────────╯

Training finished iteration 87 at 2026-04-07 00:39:21. Total running time: 25s
╭───────────────────────────────╮
│ Training result               │
├───────────────────────────────┤
│ checkpoint_dir_name           │
│ time_this_iter_s      0.02807 │
│ time_total_s          14.0342 │
│ training_iteration         87 │
│ validation-ndcg@10          1 │
╰───────────────────────────────╯

Training finished iteration 88 at 2026-04-07 00:39:21. Total running time: 26s
╭───────────────────────────────╮
│ Training result               │
├───────────────────────────────┤
│ checkpoint_dir_name           │
│ time_this_iter_s       0.0289 │
│ time_total_s          14.0631 │
│ training_iteration         88 │
│ validation-ndcg@10          1 │
╰───────────────────────────────╯

Training finished iteration 89 at 2026-04-07 00:39:21. Total running time: 26s
╭───────────────────────────────╮
│ Training result               │
├───────────────────────────────┤
│ checkpoint_dir_name           │
│ time_this_iter_s      0.03801 │
│ time_total_s          14.1011 │
│ training_iteration         89 │
│ validation-ndcg@10          1 │
╰───────────────────────────────╯

Training finished iteration 90 at 2026-04-07 00:39:21. Total running time: 26s
╭───────────────────────────────╮
│ Training result               │
├───────────────────────────────┤
│ checkpoint_dir_name           │
│ time_this_iter_s      0.03137 │
│ time_total_s          14.1325 │
│ training_iteration         90 │
│ validation-ndcg@10          1 │
╰───────────────────────────────╯

Training finished iteration 91 at 2026-04-07 00:39:21. Total running time: 26s
╭───────────────────────────────╮
│ Training result               │
├───────────────────────────────┤
│ checkpoint_dir_name           │
│ time_this_iter_s      0.02868 │
│ time_total_s          14.1611 │
│ training_iteration         91 │
│ validation-ndcg@10          1 │
╰───────────────────────────────╯

Training finished iteration 92 at 2026-04-07 00:39:21. Total running time: 26s
╭───────────────────────────────╮
│ Training result               │
├───────────────────────────────┤
│ checkpoint_dir_name           │
│ time_this_iter_s      0.02484 │
│ time_total_s           14.186 │
│ training_iteration         92 │
│ validation-ndcg@10          1 │
╰───────────────────────────────╯

Training finished iteration 93 at 2026-04-07 00:39:21. Total running time: 26s
╭───────────────────────────────╮
│ Training result               │
├───────────────────────────────┤
│ checkpoint_dir_name           │
│ time_this_iter_s      0.03374 │
│ time_total_s          14.2197 │
│ training_iteration         93 │
│ validation-ndcg@10          1 │
╰───────────────────────────────╯

Training finished iteration 94 at 2026-04-07 00:39:21. Total running time: 26s
╭───────────────────────────────╮
│ Training result               │
├───────────────────────────────┤
│ checkpoint_dir_name           │
│ time_this_iter_s      0.02903 │
│ time_total_s          14.2488 │
│ training_iteration         94 │
│ validation-ndcg@10          1 │
╰───────────────────────────────╯

Training finished iteration 95 at 2026-04-07 00:39:21. Total running time: 26s
╭───────────────────────────────╮
│ Training result               │
├───────────────────────────────┤
│ checkpoint_dir_name           │
│ time_this_iter_s      0.03622 │
│ time_total_s           14.285 │
│ training_iteration         95 │
│ validation-ndcg@10          1 │
╰───────────────────────────────╯

Training finished iteration 96 at 2026-04-07 00:39:21. Total running time: 26s
╭───────────────────────────────╮
│ Training result               │
├───────────────────────────────┤
│ checkpoint_dir_name           │
│ time_this_iter_s      0.02907 │
│ time_total_s           14.314 │
│ training_iteration         96 │
│ validation-ndcg@10          1 │
╰───────────────────────────────╯

Training finished iteration 97 at 2026-04-07 00:39:21. Total running time: 26s
╭───────────────────────────────╮
│ Training result               │
├───────────────────────────────┤
│ checkpoint_dir_name           │
│ time_this_iter_s      0.02885 │
│ time_total_s          14.3429 │
│ training_iteration         97 │
│ validation-ndcg@10          1 │
╰───────────────────────────────╯

Training finished iteration 98 at 2026-04-07 00:39:21. Total running time: 26s
╭───────────────────────────────╮
│ Training result               │
├───────────────────────────────┤
│ checkpoint_dir_name           │
│ time_this_iter_s      0.02721 │
│ time_total_s          14.3701 │
│ training_iteration         98 │
│ validation-ndcg@10          1 │
╰───────────────────────────────╯

Training finished iteration 99 at 2026-04-07 00:39:21. Total running time: 26s
╭───────────────────────────────╮
│ Training result               │
├───────────────────────────────┤
│ checkpoint_dir_name           │
│ time_this_iter_s      0.02942 │
│ time_total_s          14.3995 │
│ training_iteration         99 │
│ validation-ndcg@10          1 │
╰───────────────────────────────╯

Training finished iteration 100 at 2026-04-07 00:39:21. Total running time: 26s
╭─────────────────────────────────────────╮
│ Training result                         │
├─────────────────────────────────────────┤
│ checkpoint_dir_name   checkpoint_000003 │
│ time_this_iter_s                0.03373 │
│ time_total_s                   14.43325 │
│ training_iteration                  100 │
│ validation-ndcg@10                   1. │
╰─────────────────────────────────────────╯
Training saved a checkpoint for iteration 100 at: (local)/app/local/ray_results/autogym/xgb_ranker_ray_failure_v1/DataParallelTrainer_28463_00000_0_2026-04-07_00-38-55/checkpoint_000003

Training finished iteration 101 at 2026-04-07 00:39:21. Total running time: 26s
╭───────────────────────────────╮
│ Training result               │
├───────────────────────────────┤
│ checkpoint_dir_name           │
│ time_this_iter_s      0.02257 │
│ time_total_s          14.4558 │
│ training_iteration        101 │
│ validation-ndcg@10          1 │
╰───────────────────────────────╯

Training finished iteration 102 at 2026-04-07 00:39:21. Total running time: 26s
╭───────────────────────────────╮
│ Training result               │
├───────────────────────────────┤
│ checkpoint_dir_name           │
│ time_this_iter_s      0.02917 │
│ time_total_s           14.485 │
│ training_iteration        102 │
│ validation-ndcg@10          1 │
╰───────────────────────────────╯

Training finished iteration 103 at 2026-04-07 00:39:21. Total running time: 26s
╭───────────────────────────────╮
│ Training result               │
├───────────────────────────────┤
│ checkpoint_dir_name           │
│ time_this_iter_s      0.03604 │
│ time_total_s           14.521 │
│ training_iteration        103 │
│ validation-ndcg@10          1 │
╰───────────────────────────────╯

Training finished iteration 104 at 2026-04-07 00:39:21. Total running time: 26s
╭───────────────────────────────╮
│ Training result               │
├───────────────────────────────┤
│ checkpoint_dir_name           │
│ time_this_iter_s      0.03267 │
│ time_total_s          14.5537 │
│ training_iteration        104 │
│ validation-ndcg@10          1 │
╰───────────────────────────────╯

Training finished iteration 105 at 2026-04-07 00:39:21. Total running time: 26s
╭───────────────────────────────╮
│ Training result               │
├───────────────────────────────┤
│ checkpoint_dir_name           │
│ time_this_iter_s      0.02646 │
│ time_total_s          14.5802 │
│ training_iteration        105 │
│ validation-ndcg@10          1 │
╰───────────────────────────────╯

Training finished iteration 106 at 2026-04-07 00:39:21. Total running time: 26s
╭───────────────────────────────╮
│ Training result               │
├───────────────────────────────┤
│ checkpoint_dir_name           │
│ time_this_iter_s      0.02761 │
│ time_total_s          14.6078 │
│ training_iteration        106 │
│ validation-ndcg@10          1 │
╰───────────────────────────────╯

Training finished iteration 107 at 2026-04-07 00:39:21. Total running time: 26s
╭───────────────────────────────╮
│ Training result               │
├───────────────────────────────┤
│ checkpoint_dir_name           │
│ time_this_iter_s      0.02836 │
│ time_total_s          14.6361 │
│ training_iteration        107 │
│ validation-ndcg@10          1 │
╰───────────────────────────────╯

Training finished iteration 108 at 2026-04-07 00:39:21. Total running time: 26s
╭───────────────────────────────╮
│ Training result               │
├───────────────────────────────┤
│ checkpoint_dir_name           │
│ time_this_iter_s      0.02644 │
│ time_total_s          14.6626 │
│ training_iteration        108 │
│ validation-ndcg@10          1 │
╰───────────────────────────────╯

Training finished iteration 109 at 2026-04-07 00:39:21. Total running time: 26s
╭───────────────────────────────╮
│ Training result               │
├───────────────────────────────┤
│ checkpoint_dir_name           │
│ time_this_iter_s      0.02826 │
│ time_total_s          14.6908 │
│ training_iteration        109 │
│ validation-ndcg@10          1 │
╰───────────────────────────────╯

Training finished iteration 110 at 2026-04-07 00:39:21. Total running time: 26s
╭───────────────────────────────╮
│ Training result               │
├───────────────────────────────┤
│ checkpoint_dir_name           │
│ time_this_iter_s      0.03248 │
│ time_total_s          14.7233 │
│ training_iteration        110 │
│ validation-ndcg@10          1 │
╰───────────────────────────────╯

Training finished iteration 111 at 2026-04-07 00:39:22. Total running time: 26s
╭───────────────────────────────╮
│ Training result               │
├───────────────────────────────┤
│ checkpoint_dir_name           │
│ time_this_iter_s      0.03272 │
│ time_total_s           14.756 │
│ training_iteration        111 │
│ validation-ndcg@10          1 │
╰───────────────────────────────╯

Training finished iteration 112 at 2026-04-07 00:39:22. Total running time: 26s
╭───────────────────────────────╮
│ Training result               │
├───────────────────────────────┤
│ checkpoint_dir_name           │
│ time_this_iter_s      0.02727 │
│ time_total_s          14.7833 │
│ training_iteration        112 │
│ validation-ndcg@10          1 │
╰───────────────────────────────╯

Training finished iteration 113 at 2026-04-07 00:39:22. Total running time: 26s
╭───────────────────────────────╮
│ Training result               │
├───────────────────────────────┤
│ checkpoint_dir_name           │
│ time_this_iter_s      0.03107 │
│ time_total_s          14.8144 │
│ training_iteration        113 │
│ validation-ndcg@10          1 │
╰───────────────────────────────╯

Training finished iteration 114 at 2026-04-07 00:39:22. Total running time: 26s
╭───────────────────────────────╮
│ Training result               │
├───────────────────────────────┤
│ checkpoint_dir_name           │
│ time_this_iter_s      0.03149 │
│ time_total_s          14.8459 │
│ training_iteration        114 │
│ validation-ndcg@10          1 │
╰───────────────────────────────╯

Training finished iteration 115 at 2026-04-07 00:39:22. Total running time: 27s
╭───────────────────────────────╮
│ Training result               │
├───────────────────────────────┤
│ checkpoint_dir_name           │
│ time_this_iter_s      0.02601 │
│ time_total_s          14.8719 │
│ training_iteration        115 │
│ validation-ndcg@10          1 │
╰───────────────────────────────╯

Training finished iteration 116 at 2026-04-07 00:39:22. Total running time: 27s
╭───────────────────────────────╮
│ Training result               │
├───────────────────────────────┤
│ checkpoint_dir_name           │
│ time_this_iter_s      0.03302 │
│ time_total_s          14.9049 │
│ training_iteration        116 │
│ validation-ndcg@10          1 │
╰───────────────────────────────╯

Training finished iteration 117 at 2026-04-07 00:39:22. Total running time: 27s
╭───────────────────────────────╮
│ Training result               │
├───────────────────────────────┤
│ checkpoint_dir_name           │
│ time_this_iter_s      0.03297 │
│ time_total_s          14.9378 │
│ training_iteration        117 │
│ validation-ndcg@10          1 │
╰───────────────────────────────╯

Training finished iteration 118 at 2026-04-07 00:39:22. Total running time: 27s
╭───────────────────────────────╮
│ Training result               │
├───────────────────────────────┤
│ checkpoint_dir_name           │
│ time_this_iter_s      0.02958 │
│ time_total_s          14.9674 │
│ training_iteration        118 │
│ validation-ndcg@10          1 │
╰───────────────────────────────╯

Training finished iteration 119 at 2026-04-07 00:39:22. Total running time: 27s
╭───────────────────────────────╮
│ Training result               │
├───────────────────────────────┤
│ checkpoint_dir_name           │
│ time_this_iter_s      0.03274 │
│ time_total_s          15.0002 │
│ training_iteration        119 │
│ validation-ndcg@10          1 │
╰───────────────────────────────╯

Training finished iteration 120 at 2026-04-07 00:39:22. Total running time: 27s
╭───────────────────────────────╮
│ Training result               │
├───────────────────────────────┤
│ checkpoint_dir_name           │
│ time_this_iter_s      0.03313 │
│ time_total_s          15.0333 │
│ training_iteration        120 │
│ validation-ndcg@10          1 │
╰───────────────────────────────╯

Training finished iteration 121 at 2026-04-07 00:39:22. Total running time: 27s
╭───────────────────────────────╮
│ Training result               │
├───────────────────────────────┤
│ checkpoint_dir_name           │
│ time_this_iter_s      0.03365 │
│ time_total_s          15.0669 │
│ training_iteration        121 │
│ validation-ndcg@10          1 │
╰───────────────────────────────╯

Training finished iteration 122 at 2026-04-07 00:39:22. Total running time: 27s
╭───────────────────────────────╮
│ Training result               │
├───────────────────────────────┤
│ checkpoint_dir_name           │
│ time_this_iter_s      0.03358 │
│ time_total_s          15.1005 │
│ training_iteration        122 │
│ validation-ndcg@10          1 │
╰───────────────────────────────╯

Training finished iteration 123 at 2026-04-07 00:39:22. Total running time: 27s
╭───────────────────────────────╮
│ Training result               │
├───────────────────────────────┤
│ checkpoint_dir_name           │
│ time_this_iter_s      0.02807 │
│ time_total_s          15.1286 │
│ training_iteration        123 │
│ validation-ndcg@10          1 │
╰───────────────────────────────╯

Training finished iteration 124 at 2026-04-07 00:39:22. Total running time: 27s
╭───────────────────────────────╮
│ Training result               │
├───────────────────────────────┤
│ checkpoint_dir_name           │
│ time_this_iter_s      0.03135 │
│ time_total_s          15.1599 │
│ training_iteration        124 │
│ validation-ndcg@10          1 │
╰───────────────────────────────╯

Training finished iteration 125 at 2026-04-07 00:39:22. Total running time: 27s
╭─────────────────────────────────────────╮
│ Training result                         │
├─────────────────────────────────────────┤
│ checkpoint_dir_name   checkpoint_000004 │
│ time_this_iter_s                0.02856 │
│ time_total_s                   15.18849 │
│ training_iteration                  125 │
│ validation-ndcg@10                   1. │
╰─────────────────────────────────────────╯
Training saved a checkpoint for iteration 125 at: (local)/app/local/ray_results/autogym/xgb_ranker_ray_failure_v1/DataParallelTrainer_28463_00000_0_2026-04-07_00-38-55/checkpoint_000004

Training finished iteration 126 at 2026-04-07 00:39:22. Total running time: 27s
╭───────────────────────────────╮
│ Training result               │
├───────────────────────────────┤
│ checkpoint_dir_name           │
│ time_this_iter_s      0.02444 │
│ time_total_s          15.2129 │
│ training_iteration        126 │
│ validation-ndcg@10          1 │
╰───────────────────────────────╯

Training finished iteration 127 at 2026-04-07 00:39:22. Total running time: 27s
╭───────────────────────────────╮
│ Training result               │
├───────────────────────────────┤
│ checkpoint_dir_name           │
│ time_this_iter_s      0.03266 │
│ time_total_s          15.2456 │
│ training_iteration        127 │
│ validation-ndcg@10          1 │
╰───────────────────────────────╯

Training finished iteration 128 at 2026-04-07 00:39:22. Total running time: 27s
╭───────────────────────────────╮
│ Training result               │
├───────────────────────────────┤
│ checkpoint_dir_name           │
│ time_this_iter_s      0.03735 │
│ time_total_s          15.2829 │
│ training_iteration        128 │
│ validation-ndcg@10          1 │
╰───────────────────────────────╯

Training finished iteration 129 at 2026-04-07 00:39:22. Total running time: 27s
╭───────────────────────────────╮
│ Training result               │
├───────────────────────────────┤
│ checkpoint_dir_name           │
│ time_this_iter_s      0.03281 │
│ time_total_s          15.3157 │
│ training_iteration        129 │
│ validation-ndcg@10          1 │
╰───────────────────────────────╯

Training finished iteration 130 at 2026-04-07 00:39:22. Total running time: 27s
╭───────────────────────────────╮
│ Training result               │
├───────────────────────────────┤
│ checkpoint_dir_name           │
│ time_this_iter_s       0.0277 │
│ time_total_s          15.3435 │
│ training_iteration        130 │
│ validation-ndcg@10          1 │
╰───────────────────────────────╯

Training finished iteration 131 at 2026-04-07 00:39:22. Total running time: 27s
╭───────────────────────────────╮
│ Training result               │
├───────────────────────────────┤
│ checkpoint_dir_name           │
│ time_this_iter_s      0.02694 │
│ time_total_s          15.3704 │
│ training_iteration        131 │
│ validation-ndcg@10          1 │
╰───────────────────────────────╯

Training finished iteration 132 at 2026-04-07 00:39:22. Total running time: 27s
╭───────────────────────────────╮
│ Training result               │
├───────────────────────────────┤
│ checkpoint_dir_name           │
│ time_this_iter_s      0.02927 │
│ time_total_s          15.3996 │
│ training_iteration        132 │
│ validation-ndcg@10          1 │
╰───────────────────────────────╯

Training finished iteration 133 at 2026-04-07 00:39:22. Total running time: 27s
╭───────────────────────────────╮
│ Training result               │
├───────────────────────────────┤
│ checkpoint_dir_name           │
│ time_this_iter_s      0.03379 │
│ time_total_s          15.4334 │
│ training_iteration        133 │
│ validation-ndcg@10          1 │
╰───────────────────────────────╯

Training finished iteration 134 at 2026-04-07 00:39:22. Total running time: 27s
╭───────────────────────────────╮
│ Training result               │
├───────────────────────────────┤
│ checkpoint_dir_name           │
│ time_this_iter_s      0.03291 │
│ time_total_s          15.4664 │
│ training_iteration        134 │
│ validation-ndcg@10          1 │
╰───────────────────────────────╯

Training finished iteration 135 at 2026-04-07 00:39:22. Total running time: 27s
╭───────────────────────────────╮
│ Training result               │
├───────────────────────────────┤
│ checkpoint_dir_name           │
│ time_this_iter_s      0.02793 │
│ time_total_s          15.4943 │
│ training_iteration        135 │
│ validation-ndcg@10          1 │
╰───────────────────────────────╯

Training finished iteration 136 at 2026-04-07 00:39:22. Total running time: 27s
╭───────────────────────────────╮
│ Training result               │
├───────────────────────────────┤
│ checkpoint_dir_name           │
│ time_this_iter_s      0.02782 │
│ time_total_s          15.5221 │
│ training_iteration        136 │
│ validation-ndcg@10          1 │
╰───────────────────────────────╯

Training finished iteration 137 at 2026-04-07 00:39:23. Total running time: 27s
╭───────────────────────────────╮
│ Training result               │
├───────────────────────────────┤
│ checkpoint_dir_name           │
│ time_this_iter_s      0.02866 │
│ time_total_s          15.5508 │
│ training_iteration        137 │
│ validation-ndcg@10          1 │
╰───────────────────────────────╯

Training finished iteration 138 at 2026-04-07 00:39:23. Total running time: 27s
╭───────────────────────────────╮
│ Training result               │
├───────────────────────────────┤
│ checkpoint_dir_name           │
│ time_this_iter_s      0.03274 │
│ time_total_s          15.5835 │
│ training_iteration        138 │
│ validation-ndcg@10          1 │
╰───────────────────────────────╯

Training finished iteration 139 at 2026-04-07 00:39:23. Total running time: 27s
╭───────────────────────────────╮
│ Training result               │
├───────────────────────────────┤
│ checkpoint_dir_name           │
│ time_this_iter_s       0.0316 │
│ time_total_s          15.6151 │
│ training_iteration        139 │
│ validation-ndcg@10          1 │
╰───────────────────────────────╯

Training finished iteration 140 at 2026-04-07 00:39:23. Total running time: 27s
╭───────────────────────────────╮
│ Training result               │
├───────────────────────────────┤
│ checkpoint_dir_name           │
│ time_this_iter_s      0.02664 │
│ time_total_s          15.6417 │
│ training_iteration        140 │
│ validation-ndcg@10          1 │
╰───────────────────────────────╯

Training finished iteration 141 at 2026-04-07 00:39:23. Total running time: 28s
╭───────────────────────────────╮
│ Training result               │
├───────────────────────────────┤
│ checkpoint_dir_name           │
│ time_this_iter_s      0.03331 │
│ time_total_s           15.675 │
│ training_iteration        141 │
│ validation-ndcg@10          1 │
╰───────────────────────────────╯

Training finished iteration 142 at 2026-04-07 00:39:23. Total running time: 28s
╭───────────────────────────────╮
│ Training result               │
├───────────────────────────────┤
│ checkpoint_dir_name           │
│ time_this_iter_s      0.02838 │
│ time_total_s          15.7034 │
│ training_iteration        142 │
│ validation-ndcg@10          1 │
╰───────────────────────────────╯

Training finished iteration 143 at 2026-04-07 00:39:23. Total running time: 28s
╭───────────────────────────────╮
│ Training result               │
├───────────────────────────────┤
│ checkpoint_dir_name           │
│ time_this_iter_s      0.03323 │
│ time_total_s          15.7367 │
│ training_iteration        143 │
│ validation-ndcg@10          1 │
╰───────────────────────────────╯

Training finished iteration 144 at 2026-04-07 00:39:23. Total running time: 28s
╭───────────────────────────────╮
│ Training result               │
├───────────────────────────────┤
│ checkpoint_dir_name           │
│ time_this_iter_s      0.03332 │
│ time_total_s            15.77 │
│ training_iteration        144 │
│ validation-ndcg@10          1 │
╰───────────────────────────────╯

Training finished iteration 145 at 2026-04-07 00:39:23. Total running time: 28s
╭───────────────────────────────╮
│ Training result               │
├───────────────────────────────┤
│ checkpoint_dir_name           │
│ time_this_iter_s      0.03225 │
│ time_total_s          15.8022 │
│ training_iteration        145 │
│ validation-ndcg@10          1 │
╰───────────────────────────────╯

Training finished iteration 146 at 2026-04-07 00:39:23. Total running time: 28s
╭───────────────────────────────╮
│ Training result               │
├───────────────────────────────┤
│ checkpoint_dir_name           │
│ time_this_iter_s      0.02859 │
│ time_total_s          15.8308 │
│ training_iteration        146 │
│ validation-ndcg@10          1 │
╰───────────────────────────────╯

Training finished iteration 147 at 2026-04-07 00:39:23. Total running time: 28s
╭───────────────────────────────╮
│ Training result               │
├───────────────────────────────┤
│ checkpoint_dir_name           │
│ time_this_iter_s      0.02877 │
│ time_total_s          15.8596 │
│ training_iteration        147 │
│ validation-ndcg@10          1 │
╰───────────────────────────────╯

Training finished iteration 148 at 2026-04-07 00:39:23. Total running time: 28s
╭───────────────────────────────╮
│ Training result               │
├───────────────────────────────┤
│ checkpoint_dir_name           │
│ time_this_iter_s      0.03683 │
│ time_total_s          15.8964 │
│ training_iteration        148 │
│ validation-ndcg@10          1 │
╰───────────────────────────────╯

Training finished iteration 149 at 2026-04-07 00:39:23. Total running time: 28s
╭───────────────────────────────╮
│ Training result               │
├───────────────────────────────┤
│ checkpoint_dir_name           │
│ time_this_iter_s      0.03229 │
│ time_total_s          15.9287 │
│ training_iteration        149 │
│ validation-ndcg@10          1 │
╰───────────────────────────────╯

Training finished iteration 150 at 2026-04-07 00:39:23. Total running time: 28s
╭─────────────────────────────────────────╮
│ Training result                         │
├─────────────────────────────────────────┤
│ checkpoint_dir_name   checkpoint_000005 │
│ time_this_iter_s                0.03913 │
│ time_total_s                   15.96784 │
│ training_iteration                  150 │
│ validation-ndcg@10                   1. │
╰─────────────────────────────────────────╯
Training saved a checkpoint for iteration 150 at: (local)/app/local/ray_results/autogym/xgb_ranker_ray_failure_v1/DataParallelTrainer_28463_00000_0_2026-04-07_00-38-55/checkpoint_000005

Training finished iteration 151 at 2026-04-07 00:39:23. Total running time: 28s
╭───────────────────────────────╮
│ Training result               │
├───────────────────────────────┤
│ checkpoint_dir_name           │
│ time_this_iter_s      0.02675 │
│ time_total_s          15.9946 │
│ training_iteration        151 │
│ validation-ndcg@10          1 │
╰───────────────────────────────╯

Training finished iteration 152 at 2026-04-07 00:39:23. Total running time: 28s
╭───────────────────────────────╮
│ Training result               │
├───────────────────────────────┤
│ checkpoint_dir_name           │
│ time_this_iter_s      0.03088 │
│ time_total_s          16.0255 │
│ training_iteration        152 │
│ validation-ndcg@10          1 │
╰───────────────────────────────╯

Training finished iteration 153 at 2026-04-07 00:39:23. Total running time: 28s
╭───────────────────────────────╮
│ Training result               │
├───────────────────────────────┤
│ checkpoint_dir_name           │
│ time_this_iter_s      0.02867 │
│ time_total_s          16.0541 │
│ training_iteration        153 │
│ validation-ndcg@10          1 │
╰───────────────────────────────╯

Training finished iteration 154 at 2026-04-07 00:39:23. Total running time: 28s
╭───────────────────────────────╮
│ Training result               │
├───────────────────────────────┤
│ checkpoint_dir_name           │
│ time_this_iter_s      0.03294 │
│ time_total_s          16.0871 │
│ training_iteration        154 │
│ validation-ndcg@10          1 │
╰───────────────────────────────╯

Training finished iteration 155 at 2026-04-07 00:39:23. Total running time: 28s
╭───────────────────────────────╮
│ Training result               │
├───────────────────────────────┤
│ checkpoint_dir_name           │
│ time_this_iter_s      0.02874 │
│ time_total_s          16.1158 │
│ training_iteration        155 │
│ validation-ndcg@10          1 │
╰───────────────────────────────╯

Training finished iteration 156 at 2026-04-07 00:39:23. Total running time: 28s
╭───────────────────────────────╮
│ Training result               │
├───────────────────────────────┤
│ checkpoint_dir_name           │
│ time_this_iter_s      0.02865 │
│ time_total_s          16.1445 │
│ training_iteration        156 │
│ validation-ndcg@10          1 │
╰───────────────────────────────╯

Training finished iteration 157 at 2026-04-07 00:39:23. Total running time: 28s
╭───────────────────────────────╮
│ Training result               │
├───────────────────────────────┤
│ checkpoint_dir_name           │
│ time_this_iter_s      0.03089 │
│ time_total_s          16.1754 │
│ training_iteration        157 │
│ validation-ndcg@10          1 │
╰───────────────────────────────╯

Training finished iteration 158 at 2026-04-07 00:39:23. Total running time: 28s
╭───────────────────────────────╮
│ Training result               │
├───────────────────────────────┤
│ checkpoint_dir_name           │
│ time_this_iter_s      0.02621 │
│ time_total_s          16.2016 │
│ training_iteration        158 │
│ validation-ndcg@10          1 │
╰───────────────────────────────╯

Training finished iteration 159 at 2026-04-07 00:39:23. Total running time: 28s
╭───────────────────────────────╮
│ Training result               │
├───────────────────────────────┤
│ checkpoint_dir_name           │
│ time_this_iter_s      0.02841 │
│ time_total_s            16.23 │
│ training_iteration        159 │
│ validation-ndcg@10          1 │
╰───────────────────────────────╯

Training finished iteration 160 at 2026-04-07 00:39:23. Total running time: 28s
╭───────────────────────────────╮
│ Training result               │
├───────────────────────────────┤
│ checkpoint_dir_name           │
│ time_this_iter_s      0.03271 │
│ time_total_s          16.2627 │
│ training_iteration        160 │
│ validation-ndcg@10          1 │
╰───────────────────────────────╯

Training finished iteration 161 at 2026-04-07 00:39:23. Total running time: 28s
╭───────────────────────────────╮
│ Training result               │
├───────────────────────────────┤
│ checkpoint_dir_name           │
│ time_this_iter_s      0.02922 │
│ time_total_s          16.2919 │
│ training_iteration        161 │
│ validation-ndcg@10          1 │
╰───────────────────────────────╯

Training finished iteration 162 at 2026-04-07 00:39:23. Total running time: 28s
╭───────────────────────────────╮
│ Training result               │
├───────────────────────────────┤
│ checkpoint_dir_name           │
│ time_this_iter_s      0.03062 │
│ time_total_s          16.3225 │
│ training_iteration        162 │
│ validation-ndcg@10          1 │
╰───────────────────────────────╯

Training finished iteration 163 at 2026-04-07 00:39:24. Total running time: 28s
╭───────────────────────────────╮
│ Training result               │
├───────────────────────────────┤
│ checkpoint_dir_name           │
│ time_this_iter_s      0.03221 │
│ time_total_s          16.3547 │
│ training_iteration        163 │
│ validation-ndcg@10          1 │
╰───────────────────────────────╯

Training finished iteration 164 at 2026-04-07 00:39:24. Total running time: 28s
╭───────────────────────────────╮
│ Training result               │
├───────────────────────────────┤
│ checkpoint_dir_name           │
│ time_this_iter_s      0.02803 │
│ time_total_s          16.3828 │
│ training_iteration        164 │
│ validation-ndcg@10          1 │
╰───────────────────────────────╯

Training finished iteration 165 at 2026-04-07 00:39:24. Total running time: 28s
╭───────────────────────────────╮
│ Training result               │
├───────────────────────────────┤
│ checkpoint_dir_name           │
│ time_this_iter_s      0.02968 │
│ time_total_s          16.4125 │
│ training_iteration        165 │
│ validation-ndcg@10          1 │
╰───────────────────────────────╯

Training finished iteration 166 at 2026-04-07 00:39:24. Total running time: 28s
╭───────────────────────────────╮
│ Training result               │
├───────────────────────────────┤
│ checkpoint_dir_name           │
│ time_this_iter_s      0.02646 │
│ time_total_s          16.4389 │
│ training_iteration        166 │
│ validation-ndcg@10          1 │
╰───────────────────────────────╯

Training finished iteration 167 at 2026-04-07 00:39:24. Total running time: 29s
╭───────────────────────────────╮
│ Training result               │
├───────────────────────────────┤
│ checkpoint_dir_name           │
│ time_this_iter_s      0.02753 │
│ time_total_s          16.4664 │
│ training_iteration        167 │
│ validation-ndcg@10          1 │
╰───────────────────────────────╯

Training finished iteration 168 at 2026-04-07 00:39:24. Total running time: 29s
╭───────────────────────────────╮
│ Training result               │
├───────────────────────────────┤
│ checkpoint_dir_name           │
│ time_this_iter_s      0.03178 │
│ time_total_s          16.4982 │
│ training_iteration        168 │
│ validation-ndcg@10          1 │
╰───────────────────────────────╯

Training finished iteration 169 at 2026-04-07 00:39:24. Total running time: 29s
╭───────────────────────────────╮
│ Training result               │
├───────────────────────────────┤
│ checkpoint_dir_name           │
│ time_this_iter_s      0.01864 │
│ time_total_s          16.5169 │
│ training_iteration        169 │
│ validation-ndcg@10          1 │
╰───────────────────────────────╯

Training finished iteration 170 at 2026-04-07 00:39:24. Total running time: 29s
╭───────────────────────────────╮
│ Training result               │
├───────────────────────────────┤
│ checkpoint_dir_name           │
│ time_this_iter_s      0.02626 │
│ time_total_s          16.5431 │
│ training_iteration        170 │
│ validation-ndcg@10          1 │
╰───────────────────────────────╯

Training finished iteration 171 at 2026-04-07 00:39:24. Total running time: 29s
╭───────────────────────────────╮
│ Training result               │
├───────────────────────────────┤
│ checkpoint_dir_name           │
│ time_this_iter_s      0.02652 │
│ time_total_s          16.5696 │
│ training_iteration        171 │
│ validation-ndcg@10          1 │
╰───────────────────────────────╯

Training finished iteration 172 at 2026-04-07 00:39:24. Total running time: 29s
╭───────────────────────────────╮
│ Training result               │
├───────────────────────────────┤
│ checkpoint_dir_name           │
│ time_this_iter_s      0.02821 │
│ time_total_s          16.5979 │
│ training_iteration        172 │
│ validation-ndcg@10          1 │
╰───────────────────────────────╯

Training finished iteration 173 at 2026-04-07 00:39:24. Total running time: 29s
╭───────────────────────────────╮
│ Training result               │
├───────────────────────────────┤
│ checkpoint_dir_name           │
│ time_this_iter_s      0.02537 │
│ time_total_s          16.6232 │
│ training_iteration        173 │
│ validation-ndcg@10          1 │
╰───────────────────────────────╯

Training finished iteration 174 at 2026-04-07 00:39:24. Total running time: 29s
╭───────────────────────────────╮
│ Training result               │
├───────────────────────────────┤
│ checkpoint_dir_name           │
│ time_this_iter_s      0.02826 │
│ time_total_s          16.6515 │
│ training_iteration        174 │
│ validation-ndcg@10          1 │
╰───────────────────────────────╯

Training finished iteration 175 at 2026-04-07 00:39:24. Total running time: 29s
╭─────────────────────────────────────────╮
│ Training result                         │
├─────────────────────────────────────────┤
│ checkpoint_dir_name   checkpoint_000006 │
│ time_this_iter_s                0.02781 │
│ time_total_s                   16.67929 │
│ training_iteration                  175 │
│ validation-ndcg@10                   1. │
╰─────────────────────────────────────────╯
Training saved a checkpoint for iteration 175 at: (local)/app/local/ray_results/autogym/xgb_ranker_ray_failure_v1/DataParallelTrainer_28463_00000_0_2026-04-07_00-38-55/checkpoint_000006

Training finished iteration 176 at 2026-04-07 00:39:24. Total running time: 29s
╭───────────────────────────────╮
│ Training result               │
├───────────────────────────────┤
│ checkpoint_dir_name           │
│ time_this_iter_s      0.02035 │
│ time_total_s          16.6996 │
│ training_iteration        176 │
│ validation-ndcg@10          1 │
╰───────────────────────────────╯

Training finished iteration 177 at 2026-04-07 00:39:24. Total running time: 29s
╭───────────────────────────────╮
│ Training result               │
├───────────────────────────────┤
│ checkpoint_dir_name           │
│ time_this_iter_s      0.02601 │
│ time_total_s          16.7257 │
│ training_iteration        177 │
│ validation-ndcg@10          1 │
╰───────────────────────────────╯

Training finished iteration 178 at 2026-04-07 00:39:24. Total running time: 29s
╭───────────────────────────────╮
│ Training result               │
├───────────────────────────────┤
│ checkpoint_dir_name           │
│ time_this_iter_s      0.02553 │
│ time_total_s          16.7512 │
│ training_iteration        178 │
│ validation-ndcg@10          1 │
╰───────────────────────────────╯

Training finished iteration 179 at 2026-04-07 00:39:24. Total running time: 29s
╭───────────────────────────────╮
│ Training result               │
├───────────────────────────────┤
│ checkpoint_dir_name           │
│ time_this_iter_s      0.02802 │
│ time_total_s          16.7792 │
│ training_iteration        179 │
│ validation-ndcg@10          1 │
╰───────────────────────────────╯

Training finished iteration 180 at 2026-04-07 00:39:24. Total running time: 29s
╭───────────────────────────────╮
│ Training result               │
├───────────────────────────────┤
│ checkpoint_dir_name           │
│ time_this_iter_s      0.02709 │
│ time_total_s          16.8063 │
│ training_iteration        180 │
│ validation-ndcg@10          1 │
╰───────────────────────────────╯

Training finished iteration 181 at 2026-04-07 00:39:24. Total running time: 29s
╭───────────────────────────────╮
│ Training result               │
├───────────────────────────────┤
│ checkpoint_dir_name           │
│ time_this_iter_s      0.02748 │
│ time_total_s          16.8338 │
│ training_iteration        181 │
│ validation-ndcg@10          1 │
╰───────────────────────────────╯

Training finished iteration 182 at 2026-04-07 00:39:24. Total running time: 29s
╭───────────────────────────────╮
│ Training result               │
├───────────────────────────────┤
│ checkpoint_dir_name           │
│ time_this_iter_s       0.0276 │
│ time_total_s          16.8614 │
│ training_iteration        182 │
│ validation-ndcg@10          1 │
╰───────────────────────────────╯

Training finished iteration 183 at 2026-04-07 00:39:24. Total running time: 29s
╭───────────────────────────────╮
│ Training result               │
├───────────────────────────────┤
│ checkpoint_dir_name           │
│ time_this_iter_s      0.02756 │
│ time_total_s          16.8889 │
│ training_iteration        183 │
│ validation-ndcg@10          1 │
╰───────────────────────────────╯

Training finished iteration 184 at 2026-04-07 00:39:24. Total running time: 29s
╭───────────────────────────────╮
│ Training result               │
├───────────────────────────────┤
│ checkpoint_dir_name           │
│ time_this_iter_s      0.02767 │
│ time_total_s          16.9166 │
│ training_iteration        184 │
│ validation-ndcg@10          1 │
╰───────────────────────────────╯

Training finished iteration 185 at 2026-04-07 00:39:24. Total running time: 29s
╭───────────────────────────────╮
│ Training result               │
├───────────────────────────────┤
│ checkpoint_dir_name           │
│ time_this_iter_s      0.02824 │
│ time_total_s          16.9448 │
│ training_iteration        185 │
│ validation-ndcg@10          1 │
╰───────────────────────────────╯

Training finished iteration 186 at 2026-04-07 00:39:24. Total running time: 29s
╭───────────────────────────────╮
│ Training result               │
├───────────────────────────────┤
│ checkpoint_dir_name           │
│ time_this_iter_s      0.02675 │
│ time_total_s          16.9716 │
│ training_iteration        186 │
│ validation-ndcg@10          1 │
╰───────────────────────────────╯

Training finished iteration 187 at 2026-04-07 00:39:24. Total running time: 29s
╭───────────────────────────────╮
│ Training result               │
├───────────────────────────────┤
│ checkpoint_dir_name           │
│ time_this_iter_s      0.02808 │
│ time_total_s          16.9997 │
│ training_iteration        187 │
│ validation-ndcg@10          1 │
╰───────────────────────────────╯

Training finished iteration 188 at 2026-04-07 00:39:24. Total running time: 29s
╭───────────────────────────────╮
│ Training result               │
├───────────────────────────────┤
│ checkpoint_dir_name           │
│ time_this_iter_s      0.02743 │
│ time_total_s          17.0271 │
│ training_iteration        188 │
│ validation-ndcg@10          1 │
╰───────────────────────────────╯

Training finished iteration 189 at 2026-04-07 00:39:24. Total running time: 29s
╭───────────────────────────────╮
│ Training result               │
├───────────────────────────────┤
│ checkpoint_dir_name           │
│ time_this_iter_s      0.02762 │
│ time_total_s          17.0547 │
│ training_iteration        189 │
│ validation-ndcg@10          1 │
╰───────────────────────────────╯

Training finished iteration 190 at 2026-04-07 00:39:24. Total running time: 29s
╭───────────────────────────────╮
│ Training result               │
├───────────────────────────────┤
│ checkpoint_dir_name           │
│ time_this_iter_s      0.02699 │
│ time_total_s          17.0817 │
│ training_iteration        190 │
│ validation-ndcg@10          1 │
╰───────────────────────────────╯

Training finished iteration 191 at 2026-04-07 00:39:24. Total running time: 29s
╭───────────────────────────────╮
│ Training result               │
├───────────────────────────────┤
│ checkpoint_dir_name           │
│ time_this_iter_s      0.02809 │
│ time_total_s          17.1098 │
│ training_iteration        191 │
│ validation-ndcg@10          1 │
╰───────────────────────────────╯

Training finished iteration 192 at 2026-04-07 00:39:25. Total running time: 29s
╭───────────────────────────────╮
│ Training result               │
├───────────────────────────────┤
│ checkpoint_dir_name           │
│ time_this_iter_s      0.02796 │
│ time_total_s          17.1378 │
│ training_iteration        192 │
│ validation-ndcg@10          1 │
╰───────────────────────────────╯

Training finished iteration 193 at 2026-04-07 00:39:25. Total running time: 29s
╭───────────────────────────────╮
│ Training result               │
├───────────────────────────────┤
│ checkpoint_dir_name           │
│ time_this_iter_s      0.02731 │
│ time_total_s          17.1651 │
│ training_iteration        193 │
│ validation-ndcg@10          1 │
╰───────────────────────────────╯

Training finished iteration 194 at 2026-04-07 00:39:25. Total running time: 29s
╭───────────────────────────────╮
│ Training result               │
├───────────────────────────────┤
│ checkpoint_dir_name           │
│ time_this_iter_s      0.02648 │
│ time_total_s          17.1915 │
│ training_iteration        194 │
│ validation-ndcg@10          1 │
╰───────────────────────────────╯

Training finished iteration 195 at 2026-04-07 00:39:25. Total running time: 29s
╭───────────────────────────────╮
│ Training result               │
├───────────────────────────────┤
│ checkpoint_dir_name           │
│ time_this_iter_s      0.02764 │
│ time_total_s          17.2192 │
│ training_iteration        195 │
│ validation-ndcg@10          1 │
╰───────────────────────────────╯

Training finished iteration 196 at 2026-04-07 00:39:25. Total running time: 30s
╭───────────────────────────────╮
│ Training result               │
├───────────────────────────────┤
│ checkpoint_dir_name           │
│ time_this_iter_s      0.02807 │
│ time_total_s          17.2473 │
│ training_iteration        196 │
│ validation-ndcg@10          1 │
╰───────────────────────────────╯

Training finished iteration 197 at 2026-04-07 00:39:25. Total running time: 30s
╭───────────────────────────────╮
│ Training result               │
├───────────────────────────────┤
│ checkpoint_dir_name           │
│ time_this_iter_s      0.02769 │
│ time_total_s          17.2749 │
│ training_iteration        197 │
│ validation-ndcg@10          1 │
╰───────────────────────────────╯

Training finished iteration 198 at 2026-04-07 00:39:25. Total running time: 30s
╭───────────────────────────────╮
│ Training result               │
├───────────────────────────────┤
│ checkpoint_dir_name           │
│ time_this_iter_s      0.02413 │
│ time_total_s          17.2991 │
│ training_iteration        198 │
│ validation-ndcg@10          1 │
╰───────────────────────────────╯

Training finished iteration 199 at 2026-04-07 00:39:25. Total running time: 30s
╭───────────────────────────────╮
│ Training result               │
├───────────────────────────────┤
│ checkpoint_dir_name           │
│ time_this_iter_s      0.02715 │
│ time_total_s          17.3262 │
│ training_iteration        199 │
│ validation-ndcg@10          1 │
╰───────────────────────────────╯

Training finished iteration 200 at 2026-04-07 00:39:25. Total running time: 30s
╭─────────────────────────────────────────╮
│ Training result                         │
├─────────────────────────────────────────┤
│ checkpoint_dir_name   checkpoint_000007 │
│ time_this_iter_s                0.02737 │
│ time_total_s                   17.35359 │
│ training_iteration                  200 │
│ validation-ndcg@10                   1. │
╰─────────────────────────────────────────╯
Training saved a checkpoint for iteration 200 at: (local)/app/local/ray_results/autogym/xgb_ranker_ray_failure_v1/DataParallelTrainer_28463_00000_0_2026-04-07_00-38-55/checkpoint_000007

Training finished iteration 201 at 2026-04-07 00:39:25. Total running time: 30s
╭─────────────────────────────────────────╮
│ Training result                         │
├─────────────────────────────────────────┤
│ checkpoint_dir_name   checkpoint_000008 │
│ time_this_iter_s                0.00765 │
│ time_total_s                   17.36124 │
│ training_iteration                  201 │
│ validation-ndcg@10                   1. │
╰─────────────────────────────────────────╯
Training saved a checkpoint for iteration 201 at: (local)/app/local/ray_results/autogym/xgb_ranker_ray_failure_v1/DataParallelTrainer_28463_00000_0_2026-04-07_00-38-55/checkpoint_000008

Training completed after 201 iterations at 2026-04-07 00:39:26. Total running time: 31s

🏃 View run xgb_ranker_ray_failure_v1 at: http://mlflow:5000/#/experiments/2/runs/9b45979b54ac44a388a5f9f12a4584c5
🧪 View experiment at: http://mlflow:5000/#/experiments/2
{
  "run_name": "xgb_ranker_ray_failure_v1",
  "candidate_name": "xgb_ranker",
  "metrics": {
    "ndcg_at_10": 0.8148148148148148,
    "wall_time_seconds": 51.6032
  }
}
