
View detailed results here: /app/local/ray_results/autogym/xgb_ranker_ray_v1
To visualize your results with TensorBoard, run: `tensorboard --logdir /tmp/ray/session_2026-04-07_00-33-00_003325_1/artifacts/2026-04-07_00-33-04/xgb_ranker_ray_v1/driver_artifacts`

Training started with configuration:
╭──────────────────────────────────────────────────────────────────────╮
│ Training config                                                      │
├──────────────────────────────────────────────────────────────────────┤
│ train_loop_config/failure_marker_path           ...ker_0_failed_once │
│ train_loop_config/feature_columns               ...', 'history_pc6'] │
│ train_loop_config/random_seed                                     42 │
│ train_loop_config/ray/checkpoint_frequency                        25 │
│ train_loop_config/ray/cpus_per_worker                              2 │
│ train_loop_config/ray/failure_epoch                               50 │
│ train_loop_config/ray/max_failures                                 1 │
│ train_loop_config/ray/num_workers                                  4 │
│ train_loop_config/ray/simulate_worker_failure                  False │
│ train_loop_config/ray/storage_path              ...y_results/autogym │
│ train_loop_config/train_shards                  ...train_3.parquet'] │
│ train_loop_config/training/colsample_bytree                      0.9 │
│ train_loop_config/training/eval_metric                       ndcg@10 │
│ train_loop_config/training/group_key                         user_id │
│ train_loop_config/training/label_column                        label │
│ train_loop_config/training/learning_rate                        0.05 │
│ train_loop_config/training/max_depth                               6 │
│ train_loop_config/training/min_child_weight                      1.0 │
│ train_loop_config/training/n_estimators                          200 │
│ train_loop_config/training/objective                       rank:ndcg │
│ train_loop_config/training/reg_lambda                            1.0 │
│ train_loop_config/training/subsample                             0.9 │
│ train_loop_config/training/tree_method                          hist │
│ train_loop_config/validation_shards             ...ation_3.parquet'] │
╰──────────────────────────────────────────────────────────────────────╯

Training finished iteration 1 at 2026-04-07 00:33:15. Total running time: 10s
╭───────────────────────────────╮
│ Training result               │
├───────────────────────────────┤
│ checkpoint_dir_name           │
│ time_this_iter_s      5.83886 │
│ time_total_s          5.83886 │
│ training_iteration          1 │
│ validation-ndcg@10          1 │
╰───────────────────────────────╯

Training finished iteration 2 at 2026-04-07 00:33:15. Total running time: 10s
╭───────────────────────────────╮
│ Training result               │
├───────────────────────────────┤
│ checkpoint_dir_name           │
│ time_this_iter_s        0.012 │
│ time_total_s          5.85086 │
│ training_iteration          2 │
│ validation-ndcg@10          1 │
╰───────────────────────────────╯

Training finished iteration 3 at 2026-04-07 00:33:15. Total running time: 10s
╭───────────────────────────────╮
│ Training result               │
├───────────────────────────────┤
│ checkpoint_dir_name           │
│ time_this_iter_s      0.05152 │
│ time_total_s          5.90238 │
│ training_iteration          3 │
│ validation-ndcg@10          1 │
╰───────────────────────────────╯

Training finished iteration 4 at 2026-04-07 00:33:15. Total running time: 10s
╭───────────────────────────────╮
│ Training result               │
├───────────────────────────────┤
│ checkpoint_dir_name           │
│ time_this_iter_s       0.0489 │
│ time_total_s          5.95128 │
│ training_iteration          4 │
│ validation-ndcg@10          1 │
╰───────────────────────────────╯

Training finished iteration 5 at 2026-04-07 00:33:15. Total running time: 10s
╭───────────────────────────────╮
│ Training result               │
├───────────────────────────────┤
│ checkpoint_dir_name           │
│ time_this_iter_s      0.02853 │
│ time_total_s          5.97981 │
│ training_iteration          5 │
│ validation-ndcg@10          1 │
╰───────────────────────────────╯

Training finished iteration 6 at 2026-04-07 00:33:15. Total running time: 10s
╭───────────────────────────────╮
│ Training result               │
├───────────────────────────────┤
│ checkpoint_dir_name           │
│ time_this_iter_s      0.02629 │
│ time_total_s           6.0061 │
│ training_iteration          6 │
│ validation-ndcg@10          1 │
╰───────────────────────────────╯

Training finished iteration 7 at 2026-04-07 00:33:15. Total running time: 10s
╭───────────────────────────────╮
│ Training result               │
├───────────────────────────────┤
│ checkpoint_dir_name           │
│ time_this_iter_s      0.02627 │
│ time_total_s          6.03237 │
│ training_iteration          7 │
│ validation-ndcg@10          1 │
╰───────────────────────────────╯

Training finished iteration 8 at 2026-04-07 00:33:15. Total running time: 10s
╭───────────────────────────────╮
│ Training result               │
├───────────────────────────────┤
│ checkpoint_dir_name           │
│ time_this_iter_s      0.03083 │
│ time_total_s           6.0632 │
│ training_iteration          8 │
│ validation-ndcg@10          1 │
╰───────────────────────────────╯

Training finished iteration 9 at 2026-04-07 00:33:15. Total running time: 10s
╭───────────────────────────────╮
│ Training result               │
├───────────────────────────────┤
│ checkpoint_dir_name           │
│ time_this_iter_s      0.02617 │
│ time_total_s          6.08937 │
│ training_iteration          9 │
│ validation-ndcg@10          1 │
╰───────────────────────────────╯

Training finished iteration 10 at 2026-04-07 00:33:15. Total running time: 11s
╭───────────────────────────────╮
│ Training result               │
├───────────────────────────────┤
│ checkpoint_dir_name           │
│ time_this_iter_s      0.03089 │
│ time_total_s          6.12027 │
│ training_iteration         10 │
│ validation-ndcg@10          1 │
╰───────────────────────────────╯

Training finished iteration 11 at 2026-04-07 00:33:15. Total running time: 11s
╭───────────────────────────────╮
│ Training result               │
├───────────────────────────────┤
│ checkpoint_dir_name           │
│ time_this_iter_s      0.03066 │
│ time_total_s          6.15093 │
│ training_iteration         11 │
│ validation-ndcg@10          1 │
╰───────────────────────────────╯

Training finished iteration 12 at 2026-04-07 00:33:15. Total running time: 11s
╭───────────────────────────────╮
│ Training result               │
├───────────────────────────────┤
│ checkpoint_dir_name           │
│ time_this_iter_s      0.03428 │
│ time_total_s          6.18521 │
│ training_iteration         12 │
│ validation-ndcg@10          1 │
╰───────────────────────────────╯

Training finished iteration 13 at 2026-04-07 00:33:15. Total running time: 11s
╭───────────────────────────────╮
│ Training result               │
├───────────────────────────────┤
│ checkpoint_dir_name           │
│ time_this_iter_s      0.02301 │
│ time_total_s          6.20822 │
│ training_iteration         13 │
│ validation-ndcg@10          1 │
╰───────────────────────────────╯

Training finished iteration 14 at 2026-04-07 00:33:15. Total running time: 11s
╭───────────────────────────────╮
│ Training result               │
├───────────────────────────────┤
│ checkpoint_dir_name           │
│ time_this_iter_s      0.02995 │
│ time_total_s          6.23817 │
│ training_iteration         14 │
│ validation-ndcg@10          1 │
╰───────────────────────────────╯

Training finished iteration 15 at 2026-04-07 00:33:15. Total running time: 11s
╭───────────────────────────────╮
│ Training result               │
├───────────────────────────────┤
│ checkpoint_dir_name           │
│ time_this_iter_s      0.03056 │
│ time_total_s          6.26873 │
│ training_iteration         15 │
│ validation-ndcg@10          1 │
╰───────────────────────────────╯

Training finished iteration 16 at 2026-04-07 00:33:15. Total running time: 11s
╭───────────────────────────────╮
│ Training result               │
├───────────────────────────────┤
│ checkpoint_dir_name           │
│ time_this_iter_s      0.02834 │
│ time_total_s          6.29706 │
│ training_iteration         16 │
│ validation-ndcg@10          1 │
╰───────────────────────────────╯

Training finished iteration 17 at 2026-04-07 00:33:15. Total running time: 11s
╭───────────────────────────────╮
│ Training result               │
├───────────────────────────────┤
│ checkpoint_dir_name           │
│ time_this_iter_s      0.03091 │
│ time_total_s          6.32798 │
│ training_iteration         17 │
│ validation-ndcg@10          1 │
╰───────────────────────────────╯

Training finished iteration 18 at 2026-04-07 00:33:15. Total running time: 11s
╭───────────────────────────────╮
│ Training result               │
├───────────────────────────────┤
│ checkpoint_dir_name           │
│ time_this_iter_s      0.03345 │
│ time_total_s          6.36143 │
│ training_iteration         18 │
│ validation-ndcg@10          1 │
╰───────────────────────────────╯

Training finished iteration 19 at 2026-04-07 00:33:15. Total running time: 11s
╭───────────────────────────────╮
│ Training result               │
├───────────────────────────────┤
│ checkpoint_dir_name           │
│ time_this_iter_s      0.02277 │
│ time_total_s           6.3842 │
│ training_iteration         19 │
│ validation-ndcg@10          1 │
╰───────────────────────────────╯

Training finished iteration 20 at 2026-04-07 00:33:16. Total running time: 11s
╭───────────────────────────────╮
│ Training result               │
├───────────────────────────────┤
│ checkpoint_dir_name           │
│ time_this_iter_s      0.03131 │
│ time_total_s          6.41551 │
│ training_iteration         20 │
│ validation-ndcg@10          1 │
╰───────────────────────────────╯

Training finished iteration 21 at 2026-04-07 00:33:16. Total running time: 11s
╭───────────────────────────────╮
│ Training result               │
├───────────────────────────────┤
│ checkpoint_dir_name           │
│ time_this_iter_s      0.04424 │
│ time_total_s          6.45975 │
│ training_iteration         21 │
│ validation-ndcg@10          1 │
╰───────────────────────────────╯

Training finished iteration 22 at 2026-04-07 00:33:16. Total running time: 11s
╭───────────────────────────────╮
│ Training result               │
├───────────────────────────────┤
│ checkpoint_dir_name           │
│ time_this_iter_s      0.03317 │
│ time_total_s          6.49292 │
│ training_iteration         22 │
│ validation-ndcg@10          1 │
╰───────────────────────────────╯

Training finished iteration 23 at 2026-04-07 00:33:16. Total running time: 11s
╭───────────────────────────────╮
│ Training result               │
├───────────────────────────────┤
│ checkpoint_dir_name           │
│ time_this_iter_s      0.02864 │
│ time_total_s          6.52156 │
│ training_iteration         23 │
│ validation-ndcg@10          1 │
╰───────────────────────────────╯

Training finished iteration 24 at 2026-04-07 00:33:16. Total running time: 11s
╭───────────────────────────────╮
│ Training result               │
├───────────────────────────────┤
│ checkpoint_dir_name           │
│ time_this_iter_s      0.04127 │
│ time_total_s          6.56282 │
│ training_iteration         24 │
│ validation-ndcg@10          1 │
╰───────────────────────────────╯

Training finished iteration 25 at 2026-04-07 00:33:16. Total running time: 11s
╭─────────────────────────────────────────╮
│ Training result                         │
├─────────────────────────────────────────┤
│ checkpoint_dir_name   checkpoint_000000 │
│ time_this_iter_s                0.03048 │
│ time_total_s                    6.59331 │
│ training_iteration                   25 │
│ validation-ndcg@10                   1. │
╰─────────────────────────────────────────╯
Training saved a checkpoint for iteration 25 at: (local)/app/local/ray_results/autogym/xgb_ranker_ray_v1/DataParallelTrainer_5759a_00000_0_2026-04-07_00-33-04/checkpoint_000000

Training finished iteration 26 at 2026-04-07 00:33:16. Total running time: 11s
╭───────────────────────────────╮
│ Training result               │
├───────────────────────────────┤
│ checkpoint_dir_name           │
│ time_this_iter_s      0.02334 │
│ time_total_s          6.61665 │
│ training_iteration         26 │
│ validation-ndcg@10          1 │
╰───────────────────────────────╯

Training finished iteration 27 at 2026-04-07 00:33:16. Total running time: 11s
╭───────────────────────────────╮
│ Training result               │
├───────────────────────────────┤
│ checkpoint_dir_name           │
│ time_this_iter_s      0.02683 │
│ time_total_s          6.64348 │
│ training_iteration         27 │
│ validation-ndcg@10          1 │
╰───────────────────────────────╯

Training finished iteration 28 at 2026-04-07 00:33:16. Total running time: 11s
╭───────────────────────────────╮
│ Training result               │
├───────────────────────────────┤
│ checkpoint_dir_name           │
│ time_this_iter_s      0.03006 │
│ time_total_s          6.67354 │
│ training_iteration         28 │
│ validation-ndcg@10          1 │
╰───────────────────────────────╯

Training finished iteration 29 at 2026-04-07 00:33:16. Total running time: 11s
╭───────────────────────────────╮
│ Training result               │
├───────────────────────────────┤
│ checkpoint_dir_name           │
│ time_this_iter_s       0.0305 │
│ time_total_s          6.70404 │
│ training_iteration         29 │
│ validation-ndcg@10          1 │
╰───────────────────────────────╯

Training finished iteration 30 at 2026-04-07 00:33:16. Total running time: 11s
╭───────────────────────────────╮
│ Training result               │
├───────────────────────────────┤
│ checkpoint_dir_name           │
│ time_this_iter_s      0.03301 │
│ time_total_s          6.73705 │
│ training_iteration         30 │
│ validation-ndcg@10          1 │
╰───────────────────────────────╯

Training finished iteration 31 at 2026-04-07 00:33:16. Total running time: 11s
╭───────────────────────────────╮
│ Training result               │
├───────────────────────────────┤
│ checkpoint_dir_name           │
│ time_this_iter_s      0.02697 │
│ time_total_s          6.76402 │
│ training_iteration         31 │
│ validation-ndcg@10          1 │
╰───────────────────────────────╯

Training finished iteration 32 at 2026-04-07 00:33:16. Total running time: 11s
╭───────────────────────────────╮
│ Training result               │
├───────────────────────────────┤
│ checkpoint_dir_name           │
│ time_this_iter_s      0.02905 │
│ time_total_s          6.79307 │
│ training_iteration         32 │
│ validation-ndcg@10          1 │
╰───────────────────────────────╯

Training finished iteration 33 at 2026-04-07 00:33:16. Total running time: 11s
╭───────────────────────────────╮
│ Training result               │
├───────────────────────────────┤
│ checkpoint_dir_name           │
│ time_this_iter_s      0.02684 │
│ time_total_s          6.81992 │
│ training_iteration         33 │
│ validation-ndcg@10          1 │
╰───────────────────────────────╯

Training finished iteration 34 at 2026-04-07 00:33:16. Total running time: 11s
╭───────────────────────────────╮
│ Training result               │
├───────────────────────────────┤
│ checkpoint_dir_name           │
│ time_this_iter_s      0.03235 │
│ time_total_s          6.85227 │
│ training_iteration         34 │
│ validation-ndcg@10          1 │
╰───────────────────────────────╯

Training finished iteration 35 at 2026-04-07 00:33:16. Total running time: 11s
╭───────────────────────────────╮
│ Training result               │
├───────────────────────────────┤
│ checkpoint_dir_name           │
│ time_this_iter_s      0.03368 │
│ time_total_s          6.88595 │
│ training_iteration         35 │
│ validation-ndcg@10          1 │
╰───────────────────────────────╯

Training finished iteration 36 at 2026-04-07 00:33:16. Total running time: 11s
╭───────────────────────────────╮
│ Training result               │
├───────────────────────────────┤
│ checkpoint_dir_name           │
│ time_this_iter_s      0.03378 │
│ time_total_s          6.91973 │
│ training_iteration         36 │
│ validation-ndcg@10          1 │
╰───────────────────────────────╯

Training finished iteration 37 at 2026-04-07 00:33:16. Total running time: 12s
╭───────────────────────────────╮
│ Training result               │
├───────────────────────────────┤
│ checkpoint_dir_name           │
│ time_this_iter_s      0.02956 │
│ time_total_s          6.94929 │
│ training_iteration         37 │
│ validation-ndcg@10          1 │
╰───────────────────────────────╯

Training finished iteration 38 at 2026-04-07 00:33:16. Total running time: 12s
╭───────────────────────────────╮
│ Training result               │
├───────────────────────────────┤
│ checkpoint_dir_name           │
│ time_this_iter_s      0.02933 │
│ time_total_s          6.97862 │
│ training_iteration         38 │
│ validation-ndcg@10          1 │
╰───────────────────────────────╯

Training finished iteration 39 at 2026-04-07 00:33:16. Total running time: 12s
╭───────────────────────────────╮
│ Training result               │
├───────────────────────────────┤
│ checkpoint_dir_name           │
│ time_this_iter_s      0.04159 │
│ time_total_s          7.02021 │
│ training_iteration         39 │
│ validation-ndcg@10          1 │
╰───────────────────────────────╯

Training finished iteration 40 at 2026-04-07 00:33:16. Total running time: 12s
╭───────────────────────────────╮
│ Training result               │
├───────────────────────────────┤
│ checkpoint_dir_name           │
│ time_this_iter_s       0.0299 │
│ time_total_s          7.05011 │
│ training_iteration         40 │
│ validation-ndcg@10          1 │
╰───────────────────────────────╯

Training finished iteration 41 at 2026-04-07 00:33:16. Total running time: 12s
╭───────────────────────────────╮
│ Training result               │
├───────────────────────────────┤
│ checkpoint_dir_name           │
│ time_this_iter_s      0.02942 │
│ time_total_s          7.07953 │
│ training_iteration         41 │
│ validation-ndcg@10          1 │
╰───────────────────────────────╯

Training finished iteration 42 at 2026-04-07 00:33:16. Total running time: 12s
╭───────────────────────────────╮
│ Training result               │
├───────────────────────────────┤
│ checkpoint_dir_name           │
│ time_this_iter_s      0.02796 │
│ time_total_s          7.10749 │
│ training_iteration         42 │
│ validation-ndcg@10          1 │
╰───────────────────────────────╯

Training finished iteration 43 at 2026-04-07 00:33:16. Total running time: 12s
╭───────────────────────────────╮
│ Training result               │
├───────────────────────────────┤
│ checkpoint_dir_name           │
│ time_this_iter_s      0.03145 │
│ time_total_s          7.13894 │
│ training_iteration         43 │
│ validation-ndcg@10          1 │
╰───────────────────────────────╯

Training finished iteration 44 at 2026-04-07 00:33:16. Total running time: 12s
╭───────────────────────────────╮
│ Training result               │
├───────────────────────────────┤
│ checkpoint_dir_name           │
│ time_this_iter_s       0.0319 │
│ time_total_s          7.17084 │
│ training_iteration         44 │
│ validation-ndcg@10          1 │
╰───────────────────────────────╯

Training finished iteration 45 at 2026-04-07 00:33:16. Total running time: 12s
╭───────────────────────────────╮
│ Training result               │
├───────────────────────────────┤
│ checkpoint_dir_name           │
│ time_this_iter_s      0.03385 │
│ time_total_s          7.20469 │
│ training_iteration         45 │
│ validation-ndcg@10          1 │
╰───────────────────────────────╯

Training finished iteration 46 at 2026-04-07 00:33:16. Total running time: 12s
╭───────────────────────────────╮
│ Training result               │
├───────────────────────────────┤
│ checkpoint_dir_name           │
│ time_this_iter_s      0.03176 │
│ time_total_s          7.23645 │
│ training_iteration         46 │
│ validation-ndcg@10          1 │
╰───────────────────────────────╯

Training finished iteration 47 at 2026-04-07 00:33:17. Total running time: 12s
╭───────────────────────────────╮
│ Training result               │
├───────────────────────────────┤
│ checkpoint_dir_name           │
│ time_this_iter_s      0.03561 │
│ time_total_s          7.27207 │
│ training_iteration         47 │
│ validation-ndcg@10          1 │
╰───────────────────────────────╯

Training finished iteration 48 at 2026-04-07 00:33:17. Total running time: 12s
╭───────────────────────────────╮
│ Training result               │
├───────────────────────────────┤
│ checkpoint_dir_name           │
│ time_this_iter_s      0.02687 │
│ time_total_s          7.29894 │
│ training_iteration         48 │
│ validation-ndcg@10          1 │
╰───────────────────────────────╯

Training finished iteration 49 at 2026-04-07 00:33:17. Total running time: 12s
╭───────────────────────────────╮
│ Training result               │
├───────────────────────────────┤
│ checkpoint_dir_name           │
│ time_this_iter_s      0.03195 │
│ time_total_s          7.33088 │
│ training_iteration         49 │
│ validation-ndcg@10          1 │
╰───────────────────────────────╯

Training finished iteration 50 at 2026-04-07 00:33:17. Total running time: 12s
╭─────────────────────────────────────────╮
│ Training result                         │
├─────────────────────────────────────────┤
│ checkpoint_dir_name   checkpoint_000001 │
│ time_this_iter_s                0.03224 │
│ time_total_s                    7.36313 │
│ training_iteration                   50 │
│ validation-ndcg@10                   1. │
╰─────────────────────────────────────────╯
Training saved a checkpoint for iteration 50 at: (local)/app/local/ray_results/autogym/xgb_ranker_ray_v1/DataParallelTrainer_5759a_00000_0_2026-04-07_00-33-04/checkpoint_000001

Training finished iteration 51 at 2026-04-07 00:33:17. Total running time: 12s
╭───────────────────────────────╮
│ Training result               │
├───────────────────────────────┤
│ checkpoint_dir_name           │
│ time_this_iter_s      0.01935 │
│ time_total_s          7.38248 │
│ training_iteration         51 │
│ validation-ndcg@10          1 │
╰───────────────────────────────╯

Training finished iteration 52 at 2026-04-07 00:33:17. Total running time: 12s
╭───────────────────────────────╮
│ Training result               │
├───────────────────────────────┤
│ checkpoint_dir_name           │
│ time_this_iter_s      0.02653 │
│ time_total_s          7.40901 │
│ training_iteration         52 │
│ validation-ndcg@10          1 │
╰───────────────────────────────╯

Training finished iteration 53 at 2026-04-07 00:33:17. Total running time: 12s
╭───────────────────────────────╮
│ Training result               │
├───────────────────────────────┤
│ checkpoint_dir_name           │
│ time_this_iter_s      0.02661 │
│ time_total_s          7.43562 │
│ training_iteration         53 │
│ validation-ndcg@10          1 │
╰───────────────────────────────╯

Training finished iteration 54 at 2026-04-07 00:33:17. Total running time: 12s
╭───────────────────────────────╮
│ Training result               │
├───────────────────────────────┤
│ checkpoint_dir_name           │
│ time_this_iter_s      0.02615 │
│ time_total_s          7.46177 │
│ training_iteration         54 │
│ validation-ndcg@10          1 │
╰───────────────────────────────╯

Training finished iteration 55 at 2026-04-07 00:33:17. Total running time: 12s
╭───────────────────────────────╮
│ Training result               │
├───────────────────────────────┤
│ checkpoint_dir_name           │
│ time_this_iter_s      0.03126 │
│ time_total_s          7.49303 │
│ training_iteration         55 │
│ validation-ndcg@10          1 │
╰───────────────────────────────╯

Training finished iteration 56 at 2026-04-07 00:33:17. Total running time: 12s
╭───────────────────────────────╮
│ Training result               │
├───────────────────────────────┤
│ checkpoint_dir_name           │
│ time_this_iter_s      0.03066 │
│ time_total_s          7.52369 │
│ training_iteration         56 │
│ validation-ndcg@10          1 │
╰───────────────────────────────╯

Training finished iteration 57 at 2026-04-07 00:33:17. Total running time: 12s
╭───────────────────────────────╮
│ Training result               │
├───────────────────────────────┤
│ checkpoint_dir_name           │
│ time_this_iter_s      0.04914 │
│ time_total_s          7.57283 │
│ training_iteration         57 │
│ validation-ndcg@10          1 │
╰───────────────────────────────╯

Training finished iteration 58 at 2026-04-07 00:33:17. Total running time: 12s
╭───────────────────────────────╮
│ Training result               │
├───────────────────────────────┤
│ checkpoint_dir_name           │
│ time_this_iter_s      0.05017 │
│ time_total_s            7.623 │
│ training_iteration         58 │
│ validation-ndcg@10          1 │
╰───────────────────────────────╯

Training finished iteration 59 at 2026-04-07 00:33:17. Total running time: 12s
╭───────────────────────────────╮
│ Training result               │
├───────────────────────────────┤
│ checkpoint_dir_name           │
│ time_this_iter_s      0.02745 │
│ time_total_s          7.65045 │
│ training_iteration         59 │
│ validation-ndcg@10          1 │
╰───────────────────────────────╯

Training finished iteration 60 at 2026-04-07 00:33:17. Total running time: 12s
╭───────────────────────────────╮
│ Training result               │
├───────────────────────────────┤
│ checkpoint_dir_name           │
│ time_this_iter_s      0.03541 │
│ time_total_s          7.68586 │
│ training_iteration         60 │
│ validation-ndcg@10          1 │
╰───────────────────────────────╯

Training finished iteration 61 at 2026-04-07 00:33:17. Total running time: 12s
╭───────────────────────────────╮
│ Training result               │
├───────────────────────────────┤
│ checkpoint_dir_name           │
│ time_this_iter_s      0.03222 │
│ time_total_s          7.71808 │
│ training_iteration         61 │
│ validation-ndcg@10          1 │
╰───────────────────────────────╯

Training finished iteration 62 at 2026-04-07 00:33:17. Total running time: 12s
╭───────────────────────────────╮
│ Training result               │
├───────────────────────────────┤
│ checkpoint_dir_name           │
│ time_this_iter_s      0.02789 │
│ time_total_s          7.74597 │
│ training_iteration         62 │
│ validation-ndcg@10          1 │
╰───────────────────────────────╯

Training finished iteration 63 at 2026-04-07 00:33:17. Total running time: 13s
╭───────────────────────────────╮
│ Training result               │
├───────────────────────────────┤
│ checkpoint_dir_name           │
│ time_this_iter_s      0.03238 │
│ time_total_s          7.77835 │
│ training_iteration         63 │
│ validation-ndcg@10          1 │
╰───────────────────────────────╯

Training finished iteration 64 at 2026-04-07 00:33:17. Total running time: 13s
╭───────────────────────────────╮
│ Training result               │
├───────────────────────────────┤
│ checkpoint_dir_name           │
│ time_this_iter_s      0.03619 │
│ time_total_s          7.81454 │
│ training_iteration         64 │
│ validation-ndcg@10          1 │
╰───────────────────────────────╯

Training finished iteration 65 at 2026-04-07 00:33:17. Total running time: 13s
╭───────────────────────────────╮
│ Training result               │
├───────────────────────────────┤
│ checkpoint_dir_name           │
│ time_this_iter_s      0.03138 │
│ time_total_s          7.84592 │
│ training_iteration         65 │
│ validation-ndcg@10          1 │
╰───────────────────────────────╯

Training finished iteration 66 at 2026-04-07 00:33:17. Total running time: 13s
╭───────────────────────────────╮
│ Training result               │
├───────────────────────────────┤
│ checkpoint_dir_name           │
│ time_this_iter_s      0.02479 │
│ time_total_s          7.87071 │
│ training_iteration         66 │
│ validation-ndcg@10          1 │
╰───────────────────────────────╯

Training finished iteration 67 at 2026-04-07 00:33:17. Total running time: 13s
╭───────────────────────────────╮
│ Training result               │
├───────────────────────────────┤
│ checkpoint_dir_name           │
│ time_this_iter_s      0.02971 │
│ time_total_s          7.90041 │
│ training_iteration         67 │
│ validation-ndcg@10          1 │
╰───────────────────────────────╯

Training finished iteration 68 at 2026-04-07 00:33:17. Total running time: 13s
╭───────────────────────────────╮
│ Training result               │
├───────────────────────────────┤
│ checkpoint_dir_name           │
│ time_this_iter_s      0.02856 │
│ time_total_s          7.92897 │
│ training_iteration         68 │
│ validation-ndcg@10          1 │
╰───────────────────────────────╯

Training finished iteration 69 at 2026-04-07 00:33:17. Total running time: 13s
╭───────────────────────────────╮
│ Training result               │
├───────────────────────────────┤
│ checkpoint_dir_name           │
│ time_this_iter_s      0.02666 │
│ time_total_s          7.95564 │
│ training_iteration         69 │
│ validation-ndcg@10          1 │
╰───────────────────────────────╯

Training finished iteration 70 at 2026-04-07 00:33:17. Total running time: 13s
╭───────────────────────────────╮
│ Training result               │
├───────────────────────────────┤
│ checkpoint_dir_name           │
│ time_this_iter_s      0.03714 │
│ time_total_s          7.99277 │
│ training_iteration         70 │
│ validation-ndcg@10          1 │
╰───────────────────────────────╯

Training finished iteration 71 at 2026-04-07 00:33:18. Total running time: 13s
╭───────────────────────────────╮
│ Training result               │
├───────────────────────────────┤
│ checkpoint_dir_name           │
│ time_this_iter_s      0.02629 │
│ time_total_s          8.01906 │
│ training_iteration         71 │
│ validation-ndcg@10          1 │
╰───────────────────────────────╯

Training finished iteration 72 at 2026-04-07 00:33:18. Total running time: 13s
╭───────────────────────────────╮
│ Training result               │
├───────────────────────────────┤
│ checkpoint_dir_name           │
│ time_this_iter_s      0.02586 │
│ time_total_s          8.04492 │
│ training_iteration         72 │
│ validation-ndcg@10          1 │
╰───────────────────────────────╯

Training finished iteration 73 at 2026-04-07 00:33:18. Total running time: 13s
╭───────────────────────────────╮
│ Training result               │
├───────────────────────────────┤
│ checkpoint_dir_name           │
│ time_this_iter_s      0.02467 │
│ time_total_s           8.0696 │
│ training_iteration         73 │
│ validation-ndcg@10          1 │
╰───────────────────────────────╯

Training finished iteration 74 at 2026-04-07 00:33:18. Total running time: 13s
╭───────────────────────────────╮
│ Training result               │
├───────────────────────────────┤
│ checkpoint_dir_name           │
│ time_this_iter_s      0.02526 │
│ time_total_s          8.09485 │
│ training_iteration         74 │
│ validation-ndcg@10          1 │
╰───────────────────────────────╯

Training finished iteration 75 at 2026-04-07 00:33:18. Total running time: 13s
╭─────────────────────────────────────────╮
│ Training result                         │
├─────────────────────────────────────────┤
│ checkpoint_dir_name   checkpoint_000002 │
│ time_this_iter_s                0.03105 │
│ time_total_s                     8.1259 │
│ training_iteration                   75 │
│ validation-ndcg@10                   1. │
╰─────────────────────────────────────────╯
Training saved a checkpoint for iteration 75 at: (local)/app/local/ray_results/autogym/xgb_ranker_ray_v1/DataParallelTrainer_5759a_00000_0_2026-04-07_00-33-04/checkpoint_000002

Training finished iteration 76 at 2026-04-07 00:33:18. Total running time: 13s
╭───────────────────────────────╮
│ Training result               │
├───────────────────────────────┤
│ checkpoint_dir_name           │
│ time_this_iter_s      0.01789 │
│ time_total_s          8.14379 │
│ training_iteration         76 │
│ validation-ndcg@10          1 │
╰───────────────────────────────╯

Training finished iteration 77 at 2026-04-07 00:33:18. Total running time: 13s
╭───────────────────────────────╮
│ Training result               │
├───────────────────────────────┤
│ checkpoint_dir_name           │
│ time_this_iter_s       0.0268 │
│ time_total_s          8.17059 │
│ training_iteration         77 │
│ validation-ndcg@10          1 │
╰───────────────────────────────╯

Training finished iteration 78 at 2026-04-07 00:33:18. Total running time: 13s
╭───────────────────────────────╮
│ Training result               │
├───────────────────────────────┤
│ checkpoint_dir_name           │
│ time_this_iter_s      0.02586 │
│ time_total_s          8.19645 │
│ training_iteration         78 │
│ validation-ndcg@10          1 │
╰───────────────────────────────╯

Training finished iteration 79 at 2026-04-07 00:33:18. Total running time: 13s
╭───────────────────────────────╮
│ Training result               │
├───────────────────────────────┤
│ checkpoint_dir_name           │
│ time_this_iter_s      0.02522 │
│ time_total_s          8.22167 │
│ training_iteration         79 │
│ validation-ndcg@10          1 │
╰───────────────────────────────╯

Training finished iteration 80 at 2026-04-07 00:33:18. Total running time: 13s
╭───────────────────────────────╮
│ Training result               │
├───────────────────────────────┤
│ checkpoint_dir_name           │
│ time_this_iter_s      0.02637 │
│ time_total_s          8.24804 │
│ training_iteration         80 │
│ validation-ndcg@10          1 │
╰───────────────────────────────╯

Training finished iteration 81 at 2026-04-07 00:33:18. Total running time: 13s
╭───────────────────────────────╮
│ Training result               │
├───────────────────────────────┤
│ checkpoint_dir_name           │
│ time_this_iter_s      0.02617 │
│ time_total_s          8.27421 │
│ training_iteration         81 │
│ validation-ndcg@10          1 │
╰───────────────────────────────╯

Training finished iteration 82 at 2026-04-07 00:33:18. Total running time: 13s
╭───────────────────────────────╮
│ Training result               │
├───────────────────────────────┤
│ checkpoint_dir_name           │
│ time_this_iter_s        0.024 │
│ time_total_s          8.29821 │
│ training_iteration         82 │
│ validation-ndcg@10          1 │
╰───────────────────────────────╯

Training finished iteration 83 at 2026-04-07 00:33:18. Total running time: 13s
╭───────────────────────────────╮
│ Training result               │
├───────────────────────────────┤
│ checkpoint_dir_name           │
│ time_this_iter_s      0.02611 │
│ time_total_s          8.32431 │
│ training_iteration         83 │
│ validation-ndcg@10          1 │
╰───────────────────────────────╯

Training finished iteration 84 at 2026-04-07 00:33:18. Total running time: 13s
╭───────────────────────────────╮
│ Training result               │
├───────────────────────────────┤
│ checkpoint_dir_name           │
│ time_this_iter_s      0.02944 │
│ time_total_s          8.35376 │
│ training_iteration         84 │
│ validation-ndcg@10          1 │
╰───────────────────────────────╯

Training finished iteration 85 at 2026-04-07 00:33:18. Total running time: 13s
╭───────────────────────────────╮
│ Training result               │
├───────────────────────────────┤
│ checkpoint_dir_name           │
│ time_this_iter_s      0.04461 │
│ time_total_s          8.39837 │
│ training_iteration         85 │
│ validation-ndcg@10          1 │
╰───────────────────────────────╯

Training finished iteration 86 at 2026-04-07 00:33:18. Total running time: 13s
╭───────────────────────────────╮
│ Training result               │
├───────────────────────────────┤
│ checkpoint_dir_name           │
│ time_this_iter_s      0.03202 │
│ time_total_s          8.43039 │
│ training_iteration         86 │
│ validation-ndcg@10          1 │
╰───────────────────────────────╯

Training finished iteration 87 at 2026-04-07 00:33:18. Total running time: 13s
╭───────────────────────────────╮
│ Training result               │
├───────────────────────────────┤
│ checkpoint_dir_name           │
│ time_this_iter_s       0.0275 │
│ time_total_s          8.45789 │
│ training_iteration         87 │
│ validation-ndcg@10          1 │
╰───────────────────────────────╯

Training finished iteration 88 at 2026-04-07 00:33:18. Total running time: 14s
╭───────────────────────────────╮
│ Training result               │
├───────────────────────────────┤
│ checkpoint_dir_name           │
│ time_this_iter_s      0.03783 │
│ time_total_s          8.49572 │
│ training_iteration         88 │
│ validation-ndcg@10          1 │
╰───────────────────────────────╯

Training finished iteration 89 at 2026-04-07 00:33:18. Total running time: 14s
╭───────────────────────────────╮
│ Training result               │
├───────────────────────────────┤
│ checkpoint_dir_name           │
│ time_this_iter_s      0.03623 │
│ time_total_s          8.53195 │
│ training_iteration         89 │
│ validation-ndcg@10          1 │
╰───────────────────────────────╯

Training finished iteration 90 at 2026-04-07 00:33:18. Total running time: 14s
╭───────────────────────────────╮
│ Training result               │
├───────────────────────────────┤
│ checkpoint_dir_name           │
│ time_this_iter_s      0.02974 │
│ time_total_s          8.56169 │
│ training_iteration         90 │
│ validation-ndcg@10          1 │
╰───────────────────────────────╯

Training finished iteration 91 at 2026-04-07 00:33:18. Total running time: 14s
╭───────────────────────────────╮
│ Training result               │
├───────────────────────────────┤
│ checkpoint_dir_name           │
│ time_this_iter_s      0.03783 │
│ time_total_s          8.59952 │
│ training_iteration         91 │
│ validation-ndcg@10          1 │
╰───────────────────────────────╯

Training finished iteration 92 at 2026-04-07 00:33:18. Total running time: 14s
╭───────────────────────────────╮
│ Training result               │
├───────────────────────────────┤
│ checkpoint_dir_name           │
│ time_this_iter_s      0.03524 │
│ time_total_s          8.63477 │
│ training_iteration         92 │
│ validation-ndcg@10          1 │
╰───────────────────────────────╯

Training finished iteration 93 at 2026-04-07 00:33:18. Total running time: 14s
╭───────────────────────────────╮
│ Training result               │
├───────────────────────────────┤
│ checkpoint_dir_name           │
│ time_this_iter_s      0.04072 │
│ time_total_s          8.67549 │
│ training_iteration         93 │
│ validation-ndcg@10          1 │
╰───────────────────────────────╯

Training finished iteration 94 at 2026-04-07 00:33:18. Total running time: 14s
╭───────────────────────────────╮
│ Training result               │
├───────────────────────────────┤
│ checkpoint_dir_name           │
│ time_this_iter_s      0.03153 │
│ time_total_s          8.70702 │
│ training_iteration         94 │
│ validation-ndcg@10          1 │
╰───────────────────────────────╯

Training finished iteration 95 at 2026-04-07 00:33:18. Total running time: 14s
╭───────────────────────────────╮
│ Training result               │
├───────────────────────────────┤
│ checkpoint_dir_name           │
│ time_this_iter_s      0.02885 │
│ time_total_s          8.73587 │
│ training_iteration         95 │
│ validation-ndcg@10          1 │
╰───────────────────────────────╯

Training finished iteration 96 at 2026-04-07 00:33:19. Total running time: 14s
╭───────────────────────────────╮
│ Training result               │
├───────────────────────────────┤
│ checkpoint_dir_name           │
│ time_this_iter_s      0.03564 │
│ time_total_s          8.77151 │
│ training_iteration         96 │
│ validation-ndcg@10          1 │
╰───────────────────────────────╯

Training finished iteration 97 at 2026-04-07 00:33:19. Total running time: 14s
╭───────────────────────────────╮
│ Training result               │
├───────────────────────────────┤
│ checkpoint_dir_name           │
│ time_this_iter_s      0.03641 │
│ time_total_s          8.80792 │
│ training_iteration         97 │
│ validation-ndcg@10          1 │
╰───────────────────────────────╯

Training finished iteration 98 at 2026-04-07 00:33:19. Total running time: 14s
╭───────────────────────────────╮
│ Training result               │
├───────────────────────────────┤
│ checkpoint_dir_name           │
│ time_this_iter_s      0.03627 │
│ time_total_s           8.8442 │
│ training_iteration         98 │
│ validation-ndcg@10          1 │
╰───────────────────────────────╯

Training finished iteration 99 at 2026-04-07 00:33:19. Total running time: 14s
╭───────────────────────────────╮
│ Training result               │
├───────────────────────────────┤
│ checkpoint_dir_name           │
│ time_this_iter_s      0.03709 │
│ time_total_s          8.88128 │
│ training_iteration         99 │
│ validation-ndcg@10          1 │
╰───────────────────────────────╯

Training finished iteration 100 at 2026-04-07 00:33:19. Total running time: 14s
╭─────────────────────────────────────────╮
│ Training result                         │
├─────────────────────────────────────────┤
│ checkpoint_dir_name   checkpoint_000003 │
│ time_this_iter_s                0.03843 │
│ time_total_s                    8.91971 │
│ training_iteration                  100 │
│ validation-ndcg@10                   1. │
╰─────────────────────────────────────────╯
Training saved a checkpoint for iteration 100 at: (local)/app/local/ray_results/autogym/xgb_ranker_ray_v1/DataParallelTrainer_5759a_00000_0_2026-04-07_00-33-04/checkpoint_000003

Training finished iteration 101 at 2026-04-07 00:33:19. Total running time: 14s
╭───────────────────────────────╮
│ Training result               │
├───────────────────────────────┤
│ checkpoint_dir_name           │
│ time_this_iter_s       0.0275 │
│ time_total_s          8.94721 │
│ training_iteration        101 │
│ validation-ndcg@10          1 │
╰───────────────────────────────╯

Training finished iteration 102 at 2026-04-07 00:33:19. Total running time: 14s
╭───────────────────────────────╮
│ Training result               │
├───────────────────────────────┤
│ checkpoint_dir_name           │
│ time_this_iter_s      0.03386 │
│ time_total_s          8.98107 │
│ training_iteration        102 │
│ validation-ndcg@10          1 │
╰───────────────────────────────╯

Training finished iteration 103 at 2026-04-07 00:33:19. Total running time: 14s
╭───────────────────────────────╮
│ Training result               │
├───────────────────────────────┤
│ checkpoint_dir_name           │
│ time_this_iter_s      0.03916 │
│ time_total_s          9.02023 │
│ training_iteration        103 │
│ validation-ndcg@10          1 │
╰───────────────────────────────╯

Training finished iteration 104 at 2026-04-07 00:33:19. Total running time: 14s
╭───────────────────────────────╮
│ Training result               │
├───────────────────────────────┤
│ checkpoint_dir_name           │
│ time_this_iter_s      0.02613 │
│ time_total_s          9.04637 │
│ training_iteration        104 │
│ validation-ndcg@10          1 │
╰───────────────────────────────╯

Training finished iteration 105 at 2026-04-07 00:33:19. Total running time: 14s
╭───────────────────────────────╮
│ Training result               │
├───────────────────────────────┤
│ checkpoint_dir_name           │
│ time_this_iter_s      0.02761 │
│ time_total_s          9.07397 │
│ training_iteration        105 │
│ validation-ndcg@10          1 │
╰───────────────────────────────╯

Training finished iteration 106 at 2026-04-07 00:33:19. Total running time: 14s
╭───────────────────────────────╮
│ Training result               │
├───────────────────────────────┤
│ checkpoint_dir_name           │
│ time_this_iter_s      0.03027 │
│ time_total_s          9.10424 │
│ training_iteration        106 │
│ validation-ndcg@10          1 │
╰───────────────────────────────╯

Training finished iteration 107 at 2026-04-07 00:33:19. Total running time: 14s
╭───────────────────────────────╮
│ Training result               │
├───────────────────────────────┤
│ checkpoint_dir_name           │
│ time_this_iter_s      0.03045 │
│ time_total_s          9.13469 │
│ training_iteration        107 │
│ validation-ndcg@10          1 │
╰───────────────────────────────╯

Training finished iteration 108 at 2026-04-07 00:33:19. Total running time: 14s
╭───────────────────────────────╮
│ Training result               │
├───────────────────────────────┤
│ checkpoint_dir_name           │
│ time_this_iter_s      0.03183 │
│ time_total_s          9.16652 │
│ training_iteration        108 │
│ validation-ndcg@10          1 │
╰───────────────────────────────╯

Training finished iteration 109 at 2026-04-07 00:33:19. Total running time: 14s
╭───────────────────────────────╮
│ Training result               │
├───────────────────────────────┤
│ checkpoint_dir_name           │
│ time_this_iter_s      0.02465 │
│ time_total_s          9.19117 │
│ training_iteration        109 │
│ validation-ndcg@10          1 │
╰───────────────────────────────╯

Training finished iteration 110 at 2026-04-07 00:33:19. Total running time: 14s
╭───────────────────────────────╮
│ Training result               │
├───────────────────────────────┤
│ checkpoint_dir_name           │
│ time_this_iter_s      0.02589 │
│ time_total_s          9.21706 │
│ training_iteration        110 │
│ validation-ndcg@10          1 │
╰───────────────────────────────╯

Training finished iteration 111 at 2026-04-07 00:33:19. Total running time: 15s
╭───────────────────────────────╮
│ Training result               │
├───────────────────────────────┤
│ checkpoint_dir_name           │
│ time_this_iter_s      0.03098 │
│ time_total_s          9.24804 │
│ training_iteration        111 │
│ validation-ndcg@10          1 │
╰───────────────────────────────╯

Training finished iteration 112 at 2026-04-07 00:33:19. Total running time: 15s
╭───────────────────────────────╮
│ Training result               │
├───────────────────────────────┤
│ checkpoint_dir_name           │
│ time_this_iter_s       0.0264 │
│ time_total_s          9.27444 │
│ training_iteration        112 │
│ validation-ndcg@10          1 │
╰───────────────────────────────╯

Training finished iteration 113 at 2026-04-07 00:33:19. Total running time: 15s
╭───────────────────────────────╮
│ Training result               │
├───────────────────────────────┤
│ checkpoint_dir_name           │
│ time_this_iter_s       0.0275 │
│ time_total_s          9.30194 │
│ training_iteration        113 │
│ validation-ndcg@10          1 │
╰───────────────────────────────╯

Training finished iteration 114 at 2026-04-07 00:33:19. Total running time: 15s
╭───────────────────────────────╮
│ Training result               │
├───────────────────────────────┤
│ checkpoint_dir_name           │
│ time_this_iter_s      0.02927 │
│ time_total_s          9.33121 │
│ training_iteration        114 │
│ validation-ndcg@10          1 │
╰───────────────────────────────╯

Training finished iteration 115 at 2026-04-07 00:33:19. Total running time: 15s
╭───────────────────────────────╮
│ Training result               │
├───────────────────────────────┤
│ checkpoint_dir_name           │
│ time_this_iter_s      0.03098 │
│ time_total_s          9.36219 │
│ training_iteration        115 │
│ validation-ndcg@10          1 │
╰───────────────────────────────╯

Training finished iteration 116 at 2026-04-07 00:33:19. Total running time: 15s
╭───────────────────────────────╮
│ Training result               │
├───────────────────────────────┤
│ checkpoint_dir_name           │
│ time_this_iter_s      0.02738 │
│ time_total_s          9.38957 │
│ training_iteration        116 │
│ validation-ndcg@10          1 │
╰───────────────────────────────╯

Training finished iteration 117 at 2026-04-07 00:33:19. Total running time: 15s
╭───────────────────────────────╮
│ Training result               │
├───────────────────────────────┤
│ checkpoint_dir_name           │
│ time_this_iter_s       0.0271 │
│ time_total_s          9.41667 │
│ training_iteration        117 │
│ validation-ndcg@10          1 │
╰───────────────────────────────╯

Training finished iteration 118 at 2026-04-07 00:33:19. Total running time: 15s
╭───────────────────────────────╮
│ Training result               │
├───────────────────────────────┤
│ checkpoint_dir_name           │
│ time_this_iter_s      0.01567 │
│ time_total_s          9.43234 │
│ training_iteration        118 │
│ validation-ndcg@10          1 │
╰───────────────────────────────╯

Training finished iteration 119 at 2026-04-07 00:33:19. Total running time: 15s
╭───────────────────────────────╮
│ Training result               │
├───────────────────────────────┤
│ checkpoint_dir_name           │
│ time_this_iter_s      0.01953 │
│ time_total_s          9.45187 │
│ training_iteration        119 │
│ validation-ndcg@10          1 │
╰───────────────────────────────╯

Training finished iteration 120 at 2026-04-07 00:33:19. Total running time: 15s
╭───────────────────────────────╮
│ Training result               │
├───────────────────────────────┤
│ checkpoint_dir_name           │
│ time_this_iter_s      0.02628 │
│ time_total_s          9.47815 │
│ training_iteration        120 │
│ validation-ndcg@10          1 │
╰───────────────────────────────╯

Training finished iteration 121 at 2026-04-07 00:33:20. Total running time: 15s
╭───────────────────────────────╮
│ Training result               │
├───────────────────────────────┤
│ checkpoint_dir_name           │
│ time_this_iter_s      0.02602 │
│ time_total_s          9.50417 │
│ training_iteration        121 │
│ validation-ndcg@10          1 │
╰───────────────────────────────╯

Training finished iteration 122 at 2026-04-07 00:33:20. Total running time: 15s
╭───────────────────────────────╮
│ Training result               │
├───────────────────────────────┤
│ checkpoint_dir_name           │
│ time_this_iter_s      0.02803 │
│ time_total_s           9.5322 │
│ training_iteration        122 │
│ validation-ndcg@10          1 │
╰───────────────────────────────╯

Training finished iteration 123 at 2026-04-07 00:33:20. Total running time: 15s
╭───────────────────────────────╮
│ Training result               │
├───────────────────────────────┤
│ checkpoint_dir_name           │
│ time_this_iter_s      0.02564 │
│ time_total_s          9.55784 │
│ training_iteration        123 │
│ validation-ndcg@10          1 │
╰───────────────────────────────╯

Training finished iteration 124 at 2026-04-07 00:33:20. Total running time: 15s
╭───────────────────────────────╮
│ Training result               │
├───────────────────────────────┤
│ checkpoint_dir_name           │
│ time_this_iter_s      0.03054 │
│ time_total_s          9.58837 │
│ training_iteration        124 │
│ validation-ndcg@10          1 │
╰───────────────────────────────╯

Training finished iteration 125 at 2026-04-07 00:33:20. Total running time: 15s
╭─────────────────────────────────────────╮
│ Training result                         │
├─────────────────────────────────────────┤
│ checkpoint_dir_name   checkpoint_000004 │
│ time_this_iter_s                0.02889 │
│ time_total_s                    9.61726 │
│ training_iteration                  125 │
│ validation-ndcg@10                   1. │
╰─────────────────────────────────────────╯
Training saved a checkpoint for iteration 125 at: (local)/app/local/ray_results/autogym/xgb_ranker_ray_v1/DataParallelTrainer_5759a_00000_0_2026-04-07_00-33-04/checkpoint_000004

Training finished iteration 126 at 2026-04-07 00:33:20. Total running time: 15s
╭───────────────────────────────╮
│ Training result               │
├───────────────────────────────┤
│ checkpoint_dir_name           │
│ time_this_iter_s      0.02475 │
│ time_total_s          9.64201 │
│ training_iteration        126 │
│ validation-ndcg@10          1 │
╰───────────────────────────────╯

Training finished iteration 127 at 2026-04-07 00:33:20. Total running time: 15s
╭───────────────────────────────╮
│ Training result               │
├───────────────────────────────┤
│ checkpoint_dir_name           │
│ time_this_iter_s      0.02874 │
│ time_total_s          9.67075 │
│ training_iteration        127 │
│ validation-ndcg@10          1 │
╰───────────────────────────────╯

Training finished iteration 128 at 2026-04-07 00:33:20. Total running time: 15s
╭───────────────────────────────╮
│ Training result               │
├───────────────────────────────┤
│ checkpoint_dir_name           │
│ time_this_iter_s      0.03049 │
│ time_total_s          9.70124 │
│ training_iteration        128 │
│ validation-ndcg@10          1 │
╰───────────────────────────────╯

Training finished iteration 129 at 2026-04-07 00:33:20. Total running time: 15s
╭───────────────────────────────╮
│ Training result               │
├───────────────────────────────┤
│ checkpoint_dir_name           │
│ time_this_iter_s      0.02823 │
│ time_total_s          9.72947 │
│ training_iteration        129 │
│ validation-ndcg@10          1 │
╰───────────────────────────────╯

Training finished iteration 130 at 2026-04-07 00:33:20. Total running time: 15s
╭───────────────────────────────╮
│ Training result               │
├───────────────────────────────┤
│ checkpoint_dir_name           │
│ time_this_iter_s      0.02954 │
│ time_total_s          9.75901 │
│ training_iteration        130 │
│ validation-ndcg@10          1 │
╰───────────────────────────────╯

Training finished iteration 131 at 2026-04-07 00:33:20. Total running time: 15s
╭───────────────────────────────╮
│ Training result               │
├───────────────────────────────┤
│ checkpoint_dir_name           │
│ time_this_iter_s      0.02453 │
│ time_total_s          9.78354 │
│ training_iteration        131 │
│ validation-ndcg@10          1 │
╰───────────────────────────────╯

Training finished iteration 132 at 2026-04-07 00:33:20. Total running time: 15s
╭───────────────────────────────╮
│ Training result               │
├───────────────────────────────┤
│ checkpoint_dir_name           │
│ time_this_iter_s      0.02922 │
│ time_total_s          9.81276 │
│ training_iteration        132 │
│ validation-ndcg@10          1 │
╰───────────────────────────────╯

Training finished iteration 133 at 2026-04-07 00:33:20. Total running time: 15s
╭───────────────────────────────╮
│ Training result               │
├───────────────────────────────┤
│ checkpoint_dir_name           │
│ time_this_iter_s      0.02918 │
│ time_total_s          9.84194 │
│ training_iteration        133 │
│ validation-ndcg@10          1 │
╰───────────────────────────────╯

Training finished iteration 134 at 2026-04-07 00:33:20. Total running time: 15s
╭───────────────────────────────╮
│ Training result               │
├───────────────────────────────┤
│ checkpoint_dir_name           │
│ time_this_iter_s      0.02983 │
│ time_total_s          9.87177 │
│ training_iteration        134 │
│ validation-ndcg@10          1 │
╰───────────────────────────────╯

Training finished iteration 135 at 2026-04-07 00:33:20. Total running time: 15s
╭───────────────────────────────╮
│ Training result               │
├───────────────────────────────┤
│ checkpoint_dir_name           │
│ time_this_iter_s      0.02432 │
│ time_total_s           9.8961 │
│ training_iteration        135 │
│ validation-ndcg@10          1 │
╰───────────────────────────────╯

Training finished iteration 136 at 2026-04-07 00:33:20. Total running time: 15s
╭───────────────────────────────╮
│ Training result               │
├───────────────────────────────┤
│ checkpoint_dir_name           │
│ time_this_iter_s      0.02943 │
│ time_total_s          9.92553 │
│ training_iteration        136 │
│ validation-ndcg@10          1 │
╰───────────────────────────────╯

Training finished iteration 137 at 2026-04-07 00:33:20. Total running time: 15s
╭───────────────────────────────╮
│ Training result               │
├───────────────────────────────┤
│ checkpoint_dir_name           │
│ time_this_iter_s      0.02857 │
│ time_total_s           9.9541 │
│ training_iteration        137 │
│ validation-ndcg@10          1 │
╰───────────────────────────────╯

Training finished iteration 138 at 2026-04-07 00:33:20. Total running time: 16s
╭──────────────────────────────╮
│ Training result              │
├──────────────────────────────┤
│ checkpoint_dir_name          │
│ time_this_iter_s       0.025 │
│ time_total_s          9.9791 │
│ training_iteration       138 │
│ validation-ndcg@10         1 │
╰──────────────────────────────╯

Training finished iteration 139 at 2026-04-07 00:33:20. Total running time: 16s
╭───────────────────────────────╮
│ Training result               │
├───────────────────────────────┤
│ checkpoint_dir_name           │
│ time_this_iter_s      0.02933 │
│ time_total_s          10.0084 │
│ training_iteration        139 │
│ validation-ndcg@10          1 │
╰───────────────────────────────╯

Training finished iteration 140 at 2026-04-07 00:33:20. Total running time: 16s
╭───────────────────────────────╮
│ Training result               │
├───────────────────────────────┤
│ checkpoint_dir_name           │
│ time_this_iter_s      0.02547 │
│ time_total_s          10.0339 │
│ training_iteration        140 │
│ validation-ndcg@10          1 │
╰───────────────────────────────╯

Training finished iteration 141 at 2026-04-07 00:33:20. Total running time: 16s
╭───────────────────────────────╮
│ Training result               │
├───────────────────────────────┤
│ checkpoint_dir_name           │
│ time_this_iter_s      0.03064 │
│ time_total_s          10.0645 │
│ training_iteration        141 │
│ validation-ndcg@10          1 │
╰───────────────────────────────╯

Training finished iteration 142 at 2026-04-07 00:33:20. Total running time: 16s
╭───────────────────────────────╮
│ Training result               │
├───────────────────────────────┤
│ checkpoint_dir_name           │
│ time_this_iter_s      0.02447 │
│ time_total_s           10.089 │
│ training_iteration        142 │
│ validation-ndcg@10          1 │
╰───────────────────────────────╯

Training finished iteration 143 at 2026-04-07 00:33:20. Total running time: 16s
╭───────────────────────────────╮
│ Training result               │
├───────────────────────────────┤
│ checkpoint_dir_name           │
│ time_this_iter_s      0.02762 │
│ time_total_s          10.1166 │
│ training_iteration        143 │
│ validation-ndcg@10          1 │
╰───────────────────────────────╯

Training finished iteration 144 at 2026-04-07 00:33:20. Total running time: 16s
╭───────────────────────────────╮
│ Training result               │
├───────────────────────────────┤
│ checkpoint_dir_name           │
│ time_this_iter_s      0.02233 │
│ time_total_s           10.139 │
│ training_iteration        144 │
│ validation-ndcg@10          1 │
╰───────────────────────────────╯

Training finished iteration 145 at 2026-04-07 00:33:20. Total running time: 16s
╭───────────────────────────────╮
│ Training result               │
├───────────────────────────────┤
│ checkpoint_dir_name           │
│ time_this_iter_s      0.02606 │
│ time_total_s           10.165 │
│ training_iteration        145 │
│ validation-ndcg@10          1 │
╰───────────────────────────────╯

Training finished iteration 146 at 2026-04-07 00:33:20. Total running time: 16s
╭───────────────────────────────╮
│ Training result               │
├───────────────────────────────┤
│ checkpoint_dir_name           │
│ time_this_iter_s       0.0281 │
│ time_total_s          10.1931 │
│ training_iteration        146 │
│ validation-ndcg@10          1 │
╰───────────────────────────────╯

Training finished iteration 147 at 2026-04-07 00:33:21. Total running time: 16s
╭───────────────────────────────╮
│ Training result               │
├───────────────────────────────┤
│ checkpoint_dir_name           │
│ time_this_iter_s      0.02881 │
│ time_total_s          10.2219 │
│ training_iteration        147 │
│ validation-ndcg@10          1 │
╰───────────────────────────────╯

Training finished iteration 148 at 2026-04-07 00:33:21. Total running time: 16s
╭───────────────────────────────╮
│ Training result               │
├───────────────────────────────┤
│ checkpoint_dir_name           │
│ time_this_iter_s      0.02519 │
│ time_total_s          10.2471 │
│ training_iteration        148 │
│ validation-ndcg@10          1 │
╰───────────────────────────────╯

Training finished iteration 149 at 2026-04-07 00:33:21. Total running time: 16s
╭───────────────────────────────╮
│ Training result               │
├───────────────────────────────┤
│ checkpoint_dir_name           │
│ time_this_iter_s      0.03038 │
│ time_total_s          10.2775 │
│ training_iteration        149 │
│ validation-ndcg@10          1 │
╰───────────────────────────────╯

Training finished iteration 150 at 2026-04-07 00:33:21. Total running time: 16s
╭─────────────────────────────────────────╮
│ Training result                         │
├─────────────────────────────────────────┤
│ checkpoint_dir_name   checkpoint_000005 │
│ time_this_iter_s                0.02577 │
│ time_total_s                   10.30326 │
│ training_iteration                  150 │
│ validation-ndcg@10                   1. │
╰─────────────────────────────────────────╯
Training saved a checkpoint for iteration 150 at: (local)/app/local/ray_results/autogym/xgb_ranker_ray_v1/DataParallelTrainer_5759a_00000_0_2026-04-07_00-33-04/checkpoint_000005

Training finished iteration 151 at 2026-04-07 00:33:21. Total running time: 16s
╭───────────────────────────────╮
│ Training result               │
├───────────────────────────────┤
│ checkpoint_dir_name           │
│ time_this_iter_s       0.0219 │
│ time_total_s          10.3252 │
│ training_iteration        151 │
│ validation-ndcg@10          1 │
╰───────────────────────────────╯

Training finished iteration 152 at 2026-04-07 00:33:21. Total running time: 16s
╭───────────────────────────────╮
│ Training result               │
├───────────────────────────────┤
│ checkpoint_dir_name           │
│ time_this_iter_s      0.02552 │
│ time_total_s          10.3507 │
│ training_iteration        152 │
│ validation-ndcg@10          1 │
╰───────────────────────────────╯

Training finished iteration 153 at 2026-04-07 00:33:21. Total running time: 16s
╭───────────────────────────────╮
│ Training result               │
├───────────────────────────────┤
│ checkpoint_dir_name           │
│ time_this_iter_s      0.02732 │
│ time_total_s           10.378 │
│ training_iteration        153 │
│ validation-ndcg@10          1 │
╰───────────────────────────────╯

Training finished iteration 154 at 2026-04-07 00:33:21. Total running time: 16s
╭───────────────────────────────╮
│ Training result               │
├───────────────────────────────┤
│ checkpoint_dir_name           │
│ time_this_iter_s      0.02404 │
│ time_total_s           10.402 │
│ training_iteration        154 │
│ validation-ndcg@10          1 │
╰───────────────────────────────╯

Training finished iteration 155 at 2026-04-07 00:33:21. Total running time: 16s
╭───────────────────────────────╮
│ Training result               │
├───────────────────────────────┤
│ checkpoint_dir_name           │
│ time_this_iter_s       0.0271 │
│ time_total_s          10.4291 │
│ training_iteration        155 │
│ validation-ndcg@10          1 │
╰───────────────────────────────╯

Training finished iteration 156 at 2026-04-07 00:33:21. Total running time: 16s
╭───────────────────────────────╮
│ Training result               │
├───────────────────────────────┤
│ checkpoint_dir_name           │
│ time_this_iter_s      0.02498 │
│ time_total_s          10.4541 │
│ training_iteration        156 │
│ validation-ndcg@10          1 │
╰───────────────────────────────╯

Training finished iteration 157 at 2026-04-07 00:33:21. Total running time: 16s
╭───────────────────────────────╮
│ Training result               │
├───────────────────────────────┤
│ checkpoint_dir_name           │
│ time_this_iter_s      0.02381 │
│ time_total_s          10.4779 │
│ training_iteration        157 │
│ validation-ndcg@10          1 │
╰───────────────────────────────╯

Training finished iteration 158 at 2026-04-07 00:33:21. Total running time: 16s
╭───────────────────────────────╮
│ Training result               │
├───────────────────────────────┤
│ checkpoint_dir_name           │
│ time_this_iter_s      0.02572 │
│ time_total_s          10.5037 │
│ training_iteration        158 │
│ validation-ndcg@10          1 │
╰───────────────────────────────╯

Training finished iteration 159 at 2026-04-07 00:33:21. Total running time: 16s
╭───────────────────────────────╮
│ Training result               │
├───────────────────────────────┤
│ checkpoint_dir_name           │
│ time_this_iter_s      0.02775 │
│ time_total_s          10.5314 │
│ training_iteration        159 │
│ validation-ndcg@10          1 │
╰───────────────────────────────╯

Training finished iteration 160 at 2026-04-07 00:33:21. Total running time: 16s
╭───────────────────────────────╮
│ Training result               │
├───────────────────────────────┤
│ checkpoint_dir_name           │
│ time_this_iter_s      0.02489 │
│ time_total_s          10.5563 │
│ training_iteration        160 │
│ validation-ndcg@10          1 │
╰───────────────────────────────╯

Training finished iteration 161 at 2026-04-07 00:33:21. Total running time: 16s
╭───────────────────────────────╮
│ Training result               │
├───────────────────────────────┤
│ checkpoint_dir_name           │
│ time_this_iter_s      0.03006 │
│ time_total_s          10.5863 │
│ training_iteration        161 │
│ validation-ndcg@10          1 │
╰───────────────────────────────╯

Training finished iteration 162 at 2026-04-07 00:33:21. Total running time: 16s
╭───────────────────────────────╮
│ Training result               │
├───────────────────────────────┤
│ checkpoint_dir_name           │
│ time_this_iter_s      0.02787 │
│ time_total_s          10.6142 │
│ training_iteration        162 │
│ validation-ndcg@10          1 │
╰───────────────────────────────╯

Training finished iteration 163 at 2026-04-07 00:33:21. Total running time: 16s
╭───────────────────────────────╮
│ Training result               │
├───────────────────────────────┤
│ checkpoint_dir_name           │
│ time_this_iter_s        0.027 │
│ time_total_s          10.6412 │
│ training_iteration        163 │
│ validation-ndcg@10          1 │
╰───────────────────────────────╯

Training finished iteration 164 at 2026-04-07 00:33:21. Total running time: 16s
╭───────────────────────────────╮
│ Training result               │
├───────────────────────────────┤
│ checkpoint_dir_name           │
│ time_this_iter_s      0.02775 │
│ time_total_s           10.669 │
│ training_iteration        164 │
│ validation-ndcg@10          1 │
╰───────────────────────────────╯

Training finished iteration 165 at 2026-04-07 00:33:21. Total running time: 17s
╭───────────────────────────────╮
│ Training result               │
├───────────────────────────────┤
│ checkpoint_dir_name           │
│ time_this_iter_s      0.02765 │
│ time_total_s          10.6966 │
│ training_iteration        165 │
│ validation-ndcg@10          1 │
╰───────────────────────────────╯

Training finished iteration 166 at 2026-04-07 00:33:21. Total running time: 17s
╭───────────────────────────────╮
│ Training result               │
├───────────────────────────────┤
│ checkpoint_dir_name           │
│ time_this_iter_s      0.02951 │
│ time_total_s          10.7261 │
│ training_iteration        166 │
│ validation-ndcg@10          1 │
╰───────────────────────────────╯

Training finished iteration 167 at 2026-04-07 00:33:21. Total running time: 17s
╭───────────────────────────────╮
│ Training result               │
├───────────────────────────────┤
│ checkpoint_dir_name           │
│ time_this_iter_s      0.02481 │
│ time_total_s          10.7509 │
│ training_iteration        167 │
│ validation-ndcg@10          1 │
╰───────────────────────────────╯

Training finished iteration 168 at 2026-04-07 00:33:21. Total running time: 17s
╭───────────────────────────────╮
│ Training result               │
├───────────────────────────────┤
│ checkpoint_dir_name           │
│ time_this_iter_s      0.02509 │
│ time_total_s           10.776 │
│ training_iteration        168 │
│ validation-ndcg@10          1 │
╰───────────────────────────────╯

Training finished iteration 169 at 2026-04-07 00:33:21. Total running time: 17s
╭───────────────────────────────╮
│ Training result               │
├───────────────────────────────┤
│ checkpoint_dir_name           │
│ time_this_iter_s      0.02397 │
│ time_total_s             10.8 │
│ training_iteration        169 │
│ validation-ndcg@10          1 │
╰───────────────────────────────╯

Training finished iteration 170 at 2026-04-07 00:33:21. Total running time: 17s
╭───────────────────────────────╮
│ Training result               │
├───────────────────────────────┤
│ checkpoint_dir_name           │
│ time_this_iter_s       0.0236 │
│ time_total_s          10.8236 │
│ training_iteration        170 │
│ validation-ndcg@10          1 │
╰───────────────────────────────╯

Training finished iteration 171 at 2026-04-07 00:33:21. Total running time: 17s
╭───────────────────────────────╮
│ Training result               │
├───────────────────────────────┤
│ checkpoint_dir_name           │
│ time_this_iter_s      0.02578 │
│ time_total_s          10.8494 │
│ training_iteration        171 │
│ validation-ndcg@10          1 │
╰───────────────────────────────╯

Training finished iteration 172 at 2026-04-07 00:33:21. Total running time: 17s
╭───────────────────────────────╮
│ Training result               │
├───────────────────────────────┤
│ checkpoint_dir_name           │
│ time_this_iter_s      0.02251 │
│ time_total_s          10.8719 │
│ training_iteration        172 │
│ validation-ndcg@10          1 │
╰───────────────────────────────╯

Training finished iteration 173 at 2026-04-07 00:33:21. Total running time: 17s
╭───────────────────────────────╮
│ Training result               │
├───────────────────────────────┤
│ checkpoint_dir_name           │
│ time_this_iter_s      0.02434 │
│ time_total_s          10.8963 │
│ training_iteration        173 │
│ validation-ndcg@10          1 │
╰───────────────────────────────╯

Training finished iteration 174 at 2026-04-07 00:33:21. Total running time: 17s
╭───────────────────────────────╮
│ Training result               │
├───────────────────────────────┤
│ checkpoint_dir_name           │
│ time_this_iter_s      0.02499 │
│ time_total_s          10.9212 │
│ training_iteration        174 │
│ validation-ndcg@10          1 │
╰───────────────────────────────╯

Training finished iteration 175 at 2026-04-07 00:33:22. Total running time: 17s
╭─────────────────────────────────────────╮
│ Training result                         │
├─────────────────────────────────────────┤
│ checkpoint_dir_name   checkpoint_000006 │
│ time_this_iter_s                0.02625 │
│ time_total_s                   10.94749 │
│ training_iteration                  175 │
│ validation-ndcg@10                   1. │
╰─────────────────────────────────────────╯
Training saved a checkpoint for iteration 175 at: (local)/app/local/ray_results/autogym/xgb_ranker_ray_v1/DataParallelTrainer_5759a_00000_0_2026-04-07_00-33-04/checkpoint_000006

Training finished iteration 176 at 2026-04-07 00:33:22. Total running time: 17s
╭───────────────────────────────╮
│ Training result               │
├───────────────────────────────┤
│ checkpoint_dir_name           │
│ time_this_iter_s      0.02341 │
│ time_total_s          10.9709 │
│ training_iteration        176 │
│ validation-ndcg@10          1 │
╰───────────────────────────────╯

Training finished iteration 177 at 2026-04-07 00:33:22. Total running time: 17s
╭───────────────────────────────╮
│ Training result               │
├───────────────────────────────┤
│ checkpoint_dir_name           │
│ time_this_iter_s      0.02577 │
│ time_total_s          10.9967 │
│ training_iteration        177 │
│ validation-ndcg@10          1 │
╰───────────────────────────────╯

Training finished iteration 178 at 2026-04-07 00:33:22. Total running time: 17s
╭───────────────────────────────╮
│ Training result               │
├───────────────────────────────┤
│ checkpoint_dir_name           │
│ time_this_iter_s       0.0242 │
│ time_total_s          11.0209 │
│ training_iteration        178 │
│ validation-ndcg@10          1 │
╰───────────────────────────────╯

Training finished iteration 179 at 2026-04-07 00:33:22. Total running time: 17s
╭───────────────────────────────╮
│ Training result               │
├───────────────────────────────┤
│ checkpoint_dir_name           │
│ time_this_iter_s      0.02212 │
│ time_total_s           11.043 │
│ training_iteration        179 │
│ validation-ndcg@10          1 │
╰───────────────────────────────╯

Training finished iteration 180 at 2026-04-07 00:33:22. Total running time: 17s
╭───────────────────────────────╮
│ Training result               │
├───────────────────────────────┤
│ checkpoint_dir_name           │
│ time_this_iter_s      0.02268 │
│ time_total_s          11.0657 │
│ training_iteration        180 │
│ validation-ndcg@10          1 │
╰───────────────────────────────╯

Training finished iteration 181 at 2026-04-07 00:33:22. Total running time: 17s
╭───────────────────────────────╮
│ Training result               │
├───────────────────────────────┤
│ checkpoint_dir_name           │
│ time_this_iter_s      0.02299 │
│ time_total_s          11.0886 │
│ training_iteration        181 │
│ validation-ndcg@10          1 │
╰───────────────────────────────╯

Training finished iteration 182 at 2026-04-07 00:33:22. Total running time: 17s
╭───────────────────────────────╮
│ Training result               │
├───────────────────────────────┤
│ checkpoint_dir_name           │
│ time_this_iter_s      0.02258 │
│ time_total_s          11.1112 │
│ training_iteration        182 │
│ validation-ndcg@10          1 │
╰───────────────────────────────╯

Training finished iteration 183 at 2026-04-07 00:33:22. Total running time: 17s
╭───────────────────────────────╮
│ Training result               │
├───────────────────────────────┤
│ checkpoint_dir_name           │
│ time_this_iter_s      0.02425 │
│ time_total_s          11.1355 │
│ training_iteration        183 │
│ validation-ndcg@10          1 │
╰───────────────────────────────╯

Training finished iteration 184 at 2026-04-07 00:33:22. Total running time: 17s
╭───────────────────────────────╮
│ Training result               │
├───────────────────────────────┤
│ checkpoint_dir_name           │
│ time_this_iter_s      0.02525 │
│ time_total_s          11.1607 │
│ training_iteration        184 │
│ validation-ndcg@10          1 │
╰───────────────────────────────╯

Training finished iteration 185 at 2026-04-07 00:33:22. Total running time: 17s
╭───────────────────────────────╮
│ Training result               │
├───────────────────────────────┤
│ checkpoint_dir_name           │
│ time_this_iter_s      0.02652 │
│ time_total_s          11.1873 │
│ training_iteration        185 │
│ validation-ndcg@10          1 │
╰───────────────────────────────╯

Training finished iteration 186 at 2026-04-07 00:33:22. Total running time: 17s
╭───────────────────────────────╮
│ Training result               │
├───────────────────────────────┤
│ checkpoint_dir_name           │
│ time_this_iter_s      0.00895 │
│ time_total_s          11.1962 │
│ training_iteration        186 │
│ validation-ndcg@10          1 │
╰───────────────────────────────╯

Training finished iteration 187 at 2026-04-07 00:33:22. Total running time: 17s
╭───────────────────────────────╮
│ Training result               │
├───────────────────────────────┤
│ checkpoint_dir_name           │
│ time_this_iter_s      0.02607 │
│ time_total_s          11.2223 │
│ training_iteration        187 │
│ validation-ndcg@10          1 │
╰───────────────────────────────╯

Training finished iteration 188 at 2026-04-07 00:33:22. Total running time: 17s
╭───────────────────────────────╮
│ Training result               │
├───────────────────────────────┤
│ checkpoint_dir_name           │
│ time_this_iter_s      0.02322 │
│ time_total_s          11.2455 │
│ training_iteration        188 │
│ validation-ndcg@10          1 │
╰───────────────────────────────╯

Training finished iteration 189 at 2026-04-07 00:33:22. Total running time: 17s
╭───────────────────────────────╮
│ Training result               │
├───────────────────────────────┤
│ checkpoint_dir_name           │
│ time_this_iter_s      0.02433 │
│ time_total_s          11.2698 │
│ training_iteration        189 │
│ validation-ndcg@10          1 │
╰───────────────────────────────╯

Training finished iteration 190 at 2026-04-07 00:33:22. Total running time: 17s
╭───────────────────────────────╮
│ Training result               │
├───────────────────────────────┤
│ checkpoint_dir_name           │
│ time_this_iter_s      0.02409 │
│ time_total_s          11.2939 │
│ training_iteration        190 │
│ validation-ndcg@10          1 │
╰───────────────────────────────╯

Training finished iteration 191 at 2026-04-07 00:33:22. Total running time: 17s
╭───────────────────────────────╮
│ Training result               │
├───────────────────────────────┤
│ checkpoint_dir_name           │
│ time_this_iter_s      0.02983 │
│ time_total_s          11.3237 │
│ training_iteration        191 │
│ validation-ndcg@10          1 │
╰───────────────────────────────╯

Training finished iteration 192 at 2026-04-07 00:33:22. Total running time: 17s
╭───────────────────────────────╮
│ Training result               │
├───────────────────────────────┤
│ checkpoint_dir_name           │
│ time_this_iter_s      0.02686 │
│ time_total_s          11.3506 │
│ training_iteration        192 │
│ validation-ndcg@10          1 │
╰───────────────────────────────╯

Training finished iteration 193 at 2026-04-07 00:33:22. Total running time: 17s
╭───────────────────────────────╮
│ Training result               │
├───────────────────────────────┤
│ checkpoint_dir_name           │
│ time_this_iter_s      0.02756 │
│ time_total_s          11.3782 │
│ training_iteration        193 │
│ validation-ndcg@10          1 │
╰───────────────────────────────╯

Training finished iteration 194 at 2026-04-07 00:33:22. Total running time: 18s
╭───────────────────────────────╮
│ Training result               │
├───────────────────────────────┤
│ checkpoint_dir_name           │
│ time_this_iter_s      0.02649 │
│ time_total_s          11.4047 │
│ training_iteration        194 │
│ validation-ndcg@10          1 │
╰───────────────────────────────╯

Training finished iteration 195 at 2026-04-07 00:33:22. Total running time: 18s
╭───────────────────────────────╮
│ Training result               │
├───────────────────────────────┤
│ checkpoint_dir_name           │
│ time_this_iter_s      0.02617 │
│ time_total_s          11.4308 │
│ training_iteration        195 │
│ validation-ndcg@10          1 │
╰───────────────────────────────╯

Training finished iteration 196 at 2026-04-07 00:33:22. Total running time: 18s
╭───────────────────────────────╮
│ Training result               │
├───────────────────────────────┤
│ checkpoint_dir_name           │
│ time_this_iter_s      0.02656 │
│ time_total_s          11.4574 │
│ training_iteration        196 │
│ validation-ndcg@10          1 │
╰───────────────────────────────╯

Training finished iteration 197 at 2026-04-07 00:33:22. Total running time: 18s
╭───────────────────────────────╮
│ Training result               │
├───────────────────────────────┤
│ checkpoint_dir_name           │
│ time_this_iter_s      0.02661 │
│ time_total_s           11.484 │
│ training_iteration        197 │
│ validation-ndcg@10          1 │
╰───────────────────────────────╯

Training finished iteration 198 at 2026-04-07 00:33:22. Total running time: 18s
╭───────────────────────────────╮
│ Training result               │
├───────────────────────────────┤
│ checkpoint_dir_name           │
│ time_this_iter_s      0.02593 │
│ time_total_s          11.5099 │
│ training_iteration        198 │
│ validation-ndcg@10          1 │
╰───────────────────────────────╯

Training finished iteration 199 at 2026-04-07 00:33:22. Total running time: 18s
╭───────────────────────────────╮
│ Training result               │
├───────────────────────────────┤
│ checkpoint_dir_name           │
│ time_this_iter_s      0.02707 │
│ time_total_s           11.537 │
│ training_iteration        199 │
│ validation-ndcg@10          1 │
╰───────────────────────────────╯

Training finished iteration 200 at 2026-04-07 00:33:22. Total running time: 18s
╭─────────────────────────────────────────╮
│ Training result                         │
├─────────────────────────────────────────┤
│ checkpoint_dir_name   checkpoint_000007 │
│ time_this_iter_s                0.02755 │
│ time_total_s                   11.56455 │
│ training_iteration                  200 │
│ validation-ndcg@10                   1. │
╰─────────────────────────────────────────╯
Training saved a checkpoint for iteration 200 at: (local)/app/local/ray_results/autogym/xgb_ranker_ray_v1/DataParallelTrainer_5759a_00000_0_2026-04-07_00-33-04/checkpoint_000007

Training completed after 200 iterations at 2026-04-07 00:33:24. Total running time: 19s

🏃 View run xgb_ranker_ray_v1 at: http://mlflow:5000/#/experiments/2/runs/5facd13d45cf41599731a9a23d0f0830
🧪 View experiment at: http://mlflow:5000/#/experiments/2
{
  "run_name": "xgb_ranker_ray_v1",
  "candidate_name": "xgb_ranker",
  "metrics": {
    "ndcg_at_10": 0.8148148148148148,
    "wall_time_seconds": 38.3679
  }
}
